<?xml version="1.0" encoding="utf-8"?><testsuites name="pytest tests"><testsuite name="pytest" errors="0" failures="0" skipped="0" tests="13" time="32.954" timestamp="2026-02-13T19:22:46.316877+00:00" hostname="agent-env-5d04503a-9f0a-4c7b-8507-bf66059aefc1"><testcase classname="backend.tests.test_comercial_owner.TestOwnerMappingAuthentication" name="test_summary_requires_auth" time="1.573" /><testcase classname="backend.tests.test_comercial_owner.TestOwnerMappingAuthentication" name="test_detail_requires_auth" time="0.137" /><testcase classname="backend.tests.test_comercial_owner.TestOwnerMappingAuthentication" name="test_filter_options_requires_auth" time="0.119" /><testcase classname="backend.tests.test_comercial_owner.TestSummaryOwnerFields" name="test_summary_top_clientes_has_owner_partner_id" time="6.162" /><testcase classname="backend.tests.test_comercial_owner.TestSummaryOwnerFields" name="test_summary_top_clientes_has_owner_partner_name" time="4.804" /><testcase classname="backend.tests.test_comercial_owner.TestSummaryOwnerFields" name="test_summary_top_clientes_grouped_by_owner" time="6.197" /><testcase classname="backend.tests.test_comercial_owner.TestDetailOwnerFields" name="test_detail_items_have_owner_partner_id" time="0.692" /><testcase classname="backend.tests.test_comercial_owner.TestDetailOwnerFields" name="test_detail_items_have_owner_partner_name" time="0.483" /><testcase classname="backend.tests.test_comercial_owner.TestDetailOwnerFields" name="test_detail_items_have_partner_name" time="0.566" /><testcase classname="backend.tests.test_comercial_owner.TestOwnerMappingWorks" name="test_reservas_show_owner_mapping" time="0.644" /><testcase classname="backend.tests.test_comercial_owner.TestClienteFilterUsesOwner" name="test_cliente_filter_matches_owner_name" time="10.517" /><testcase classname="backend.tests.test_comercial_owner.TestReservasOwnerMapping" name="test_reservas_summary_has_owner_fields" time="0.542" /><testcase classname="backend.tests.test_comercial_owner.TestReservasOwnerMapping" name="test_reservas_detail_has_owner_and_contact" time="0.450" /></testsuite></testsuites>