<?xml version="1.0" encoding="utf-8"?><testsuites name="pytest tests"><testsuite name="pytest" errors="0" failures="0" skipped="0" tests="14" time="75.177" timestamp="2026-03-06T13:39:45.988395+00:00" hostname="agent-env-e546a68f-5241-4e10-aa0a-e046df392607"><testcase classname="backend.tests.test_reportes_ventas.TestSummaryEndpoint" name="test_summary_ytd_returns_kpis" time="56.306" /><testcase classname="backend.tests.test_reportes_ventas.TestSummaryEndpoint" name="test_summary_mtd_different_range" time="1.239" /><testcase classname="backend.tests.test_reportes_ventas.TestSummaryEndpoint" name="test_summary_filter_by_tienda" time="1.227" /><testcase classname="backend.tests.test_reportes_ventas.TestByDayEndpoint" name="test_by_day_returns_current_and_previous" time="1.488" /><testcase classname="backend.tests.test_reportes_ventas.TestByMonthEndpoint" name="test_by_month_returns_months_array" time="1.449" /><testcase classname="backend.tests.test_reportes_ventas.TestByMonthEndpoint" name="test_by_month_structure_per_month_entry" time="0.806" /><testcase classname="backend.tests.test_reportes_ventas.TestByMonthEndpoint" name="test_by_month_cut_logic_partial_month" time="0.758" /><testcase classname="backend.tests.test_reportes_ventas.TestByMonthEndpoint" name="test_by_month_ytd_totals_structure" time="0.710" /><testcase classname="backend.tests.test_reportes_ventas.TestByMonthEndpoint" name="test_by_month_filter_by_tienda" time="1.411" /><testcase classname="backend.tests.test_reportes_ventas.TestTopEndpoint" name="test_top_clientes_ordered_by_unidades_desc" time="1.189" /><testcase classname="backend.tests.test_reportes_ventas.TestTopEndpoint" name="test_top_modelos_ordered_by_unidades_desc" time="0.546" /><testcase classname="backend.tests.test_reportes_ventas.TestTopEndpoint" name="test_top_tiendas_ordered_by_unidades_desc" time="0.570" /><testcase classname="backend.tests.test_reportes_ventas.TestTopEndpoint" name="test_top_items_ordered_by_unidades_desc" time="0.601" /><testcase classname="backend.tests.test_reportes_ventas.TestFilterOptionsEndpoint" name="test_filter_options_returns_all_arrays" time="6.730" /></testsuite></testsuites>