<?xml version="1.0" encoding="utf-8"?><testsuites name="pytest tests"><testsuite name="pytest" errors="0" failures="0" skipped="0" tests="18" time="47.592" timestamp="2026-02-15T07:18:08.651247+00:00" hostname="agent-env-e3b56489-8383-4cd7-a613-6f27a7126d5d"><testcase classname="tests.test_detail_mode_lines.TestComercialLinesEndpoint" name="test_comercial_lines_requires_auth" time="2.747" /><testcase classname="tests.test_detail_mode_lines.TestComercialLinesEndpoint" name="test_comercial_lines_returns_paginated_data" time="2.658" /><testcase classname="tests.test_detail_mode_lines.TestComercialLinesEndpoint" name="test_comercial_lines_row_structure" time="1.621" /><testcase classname="tests.test_detail_mode_lines.TestComercialLinesEndpoint" name="test_comercial_lines_metrics_match_headers" time="4.438" /><testcase classname="tests.test_detail_mode_lines.TestComercialLinesEndpoint" name="test_comercial_lines_doc_tipo_filter" time="3.369" /><testcase classname="tests.test_detail_mode_lines.TestComercialLinesEndpoint" name="test_comercial_lines_date_filter" time="1.733" /><testcase classname="tests.test_detail_mode_lines.TestComercialLinesEndpoint" name="test_comercial_lines_pagination" time="3.206" /><testcase classname="tests.test_detail_mode_lines.TestCreditosLinesEndpoint" name="test_creditos_lines_requires_auth" time="0.145" /><testcase classname="tests.test_detail_mode_lines.TestCreditosLinesEndpoint" name="test_creditos_lines_returns_paginated_data" time="1.183" /><testcase classname="tests.test_detail_mode_lines.TestCreditosLinesEndpoint" name="test_creditos_lines_row_structure" time="0.717" /><testcase classname="tests.test_detail_mode_lines.TestCreditosLinesEndpoint" name="test_creditos_lines_metrics_match_headers" time="1.485" /><testcase classname="tests.test_detail_mode_lines.TestCreditosLinesEndpoint" name="test_creditos_lines_state_filter" time="0.864" /><testcase classname="tests.test_detail_mode_lines.TestCuentaVentasLinesEndpoint" name="test_cuenta_ventas_lines_requires_auth" time="0.117" /><testcase classname="tests.test_detail_mode_lines.TestCuentaVentasLinesEndpoint" name="test_cuenta_ventas_lines_returns_data" time="3.169" /><testcase classname="tests.test_detail_mode_lines.TestCuentaCreditosLinesEndpoint" name="test_cuenta_creditos_lines_requires_auth" time="0.171" /><testcase classname="tests.test_detail_mode_lines.TestCuentaCreditosLinesEndpoint" name="test_cuenta_creditos_lines_returns_data" time="1.555" /><testcase classname="tests.test_detail_mode_lines.TestKPIConsistency" name="test_comercial_kpi_consistency_with_filters" time="16.981" /><testcase classname="tests.test_detail_mode_lines.TestKPIConsistency" name="test_creditos_kpi_consistency_with_filters" time="1.260" /></testsuite></testsuites>