<?xml version="1.0" encoding="utf-8"?><testsuites name="pytest tests"><testsuite name="pytest" errors="0" failures="0" skipped="0" tests="9" time="65.867" timestamp="2026-03-05T20:55:56.985028+00:00" hostname="agent-env-e546a68f-5241-4e10-aa0a-e046df392607"><testcase classname="backend.tests.test_reportes_ventas.TestSummaryEndpoint" name="test_summary_ytd_returns_kpis" time="51.070" /><testcase classname="backend.tests.test_reportes_ventas.TestSummaryEndpoint" name="test_summary_mtd_different_range" time="1.084" /><testcase classname="backend.tests.test_reportes_ventas.TestSummaryEndpoint" name="test_summary_filter_by_tienda" time="1.335" /><testcase classname="backend.tests.test_reportes_ventas.TestByDayEndpoint" name="test_by_day_returns_current_and_previous" time="2.252" /><testcase classname="backend.tests.test_reportes_ventas.TestTopEndpoint" name="test_top_clientes_returns_ranked_rows" time="1.189" /><testcase classname="backend.tests.test_reportes_ventas.TestTopEndpoint" name="test_top_modelos_returns_ranked_rows" time="0.613" /><testcase classname="backend.tests.test_reportes_ventas.TestTopEndpoint" name="test_top_tiendas_returns_ranked_rows" time="0.560" /><testcase classname="backend.tests.test_reportes_ventas.TestTopEndpoint" name="test_top_items_returns_marca_tipo_entalle_tela" time="0.632" /><testcase classname="backend.tests.test_reportes_ventas.TestFilterOptionsEndpoint" name="test_filter_options_returns_all_arrays" time="7.014" /></testsuite></testsuites>