<?xml version="1.0" encoding="utf-8"?><testsuites name="pytest tests"><testsuite name="pytest" errors="0" failures="0" skipped="0" tests="8" time="15.187" timestamp="2026-03-02T07:10:54.764425+00:00" hostname="agent-env-940e1852-eb14-4c8c-9d7b-7c010e7a90b6"><testcase classname="backend.tests.test_ods_sync.TestODSSyncEndpoints" name="test_job_status_res_partner_returns_502_when_ods_unavailable" time="14.042" /><testcase classname="backend.tests.test_ods_sync.TestODSSyncEndpoints" name="test_job_status_pos_orders_returns_502_when_ods_unavailable" time="0.165" /><testcase classname="backend.tests.test_ods_sync.TestODSSyncEndpoints" name="test_job_status_ar_credit_invoices_returns_502_when_ods_unavailable" time="0.166" /><testcase classname="backend.tests.test_ods_sync.TestODSSyncEndpoints" name="test_run_job_res_partner_returns_502_when_ods_unavailable" time="0.152" /><testcase classname="backend.tests.test_ods_sync.TestODSSyncEndpoints" name="test_run_job_pos_orders_returns_502_when_ods_unavailable" time="0.144" /><testcase classname="backend.tests.test_ods_sync.TestODSSyncEndpoints" name="test_run_job_ar_credit_invoices_returns_502_when_ods_unavailable" time="0.159" /><testcase classname="backend.tests.test_ods_sync.TestODSSyncEndpoints" name="test_job_status_without_auth_returns_401" time="0.167" /><testcase classname="backend.tests.test_ods_sync.TestODSSyncEndpoints" name="test_run_job_without_auth_returns_401" time="0.138" /></testsuite></testsuites>