<?xml version="1.0" encoding="utf-8"?><testsuites name="pytest tests"><testsuite name="pytest" errors="0" failures="0" skipped="0" tests="17" time="22.809" timestamp="2026-02-15T07:34:38.955195+00:00" hostname="agent-env-e3b56489-8383-4cd7-a613-6f27a7126d5d"><testcase classname="backend.tests.test_info_ventas_clasificacion.TestClasificacionEndpoint" name="test_clasificacion_requires_auth" time="2.664" /><testcase classname="backend.tests.test_info_ventas_clasificacion.TestClasificacionEndpoint" name="test_clasificacion_returns_aggregated_data" time="3.140" /><testcase classname="backend.tests.test_info_ventas_clasificacion.TestClasificacionEndpoint" name="test_clasificacion_row_structure" time="0.925" /><testcase classname="backend.tests.test_info_ventas_clasificacion.TestClasificacionEndpoint" name="test_clasificacion_sorted_by_ventas_desc" time="0.888" /><testcase classname="backend.tests.test_info_ventas_clasificacion.TestClasificacionEndpoint" name="test_clasificacion_only_includes_sales_not_reserva" time="0.893" /><testcase classname="backend.tests.test_info_ventas_clasificacion.TestClasificacionEndpoint" name="test_clasificacion_respects_fecha_desde_filter" time="2.031" /><testcase classname="backend.tests.test_info_ventas_clasificacion.TestClasificacionEndpoint" name="test_clasificacion_respects_fecha_hasta_filter" time="1.033" /><testcase classname="backend.tests.test_info_ventas_clasificacion.TestClasificacionEndpoint" name="test_clasificacion_both_date_filters" time="1.048" /><testcase classname="backend.tests.test_info_ventas_clasificacion.TestClasificacionEndpoint" name="test_clasificacion_empty_cuenta" time="0.835" /><testcase classname="backend.tests.test_info_ventas_clasificacion.TestClasificacionDetailEndpoint" name="test_detail_requires_auth" time="0.113" /><testcase classname="backend.tests.test_info_ventas_clasificacion.TestClasificacionDetailEndpoint" name="test_detail_returns_drilldown_lines" time="1.020" /><testcase classname="backend.tests.test_info_ventas_clasificacion.TestClasificacionDetailEndpoint" name="test_detail_row_structure" time="0.885" /><testcase classname="backend.tests.test_info_ventas_clasificacion.TestClasificacionDetailEndpoint" name="test_detail_supports_pagination" time="0.886" /><testcase classname="backend.tests.test_info_ventas_clasificacion.TestClasificacionDetailEndpoint" name="test_detail_pagination_next_page" time="1.826" /><testcase classname="backend.tests.test_info_ventas_clasificacion.TestClasificacionDetailEndpoint" name="test_detail_empty_classification" time="1.542" /><testcase classname="backend.tests.test_info_ventas_clasificacion.TestClasificacionDetailEndpoint" name="test_detail_respects_date_filters" time="1.013" /><testcase classname="backend.tests.test_info_ventas_clasificacion.TestDataConsistency" name="test_clasificacion_qty_matches_detail_count" time="1.925" /></testsuite></testsuites>