<?xml version="1.0" encoding="utf-8"?><testsuites name="pytest tests"><testsuite name="pytest" errors="0" failures="0" skipped="0" tests="16" time="222.767" timestamp="2026-02-13T09:02:43.536400+00:00" hostname="agent-env-2ccb7ae7-7840-4c3d-b27d-2bd97256a6a6"><testcase classname="backend.tests.test_stock_dashboard.TestStockDashboardFiltros" name="test_get_filtros" time="10.739" /><testcase classname="backend.tests.test_stock_dashboard.TestStockDashboardKPIs" name="test_get_kpis_no_filter" time="2.065" /><testcase classname="backend.tests.test_stock_dashboard.TestStockDashboardKPIs" name="test_get_kpis_with_tienda_filter" time="10.467" /><testcase classname="backend.tests.test_stock_dashboard.TestStockDashboardKPIs" name="test_get_kpis_with_marca_filter" time="9.748" /><testcase classname="backend.tests.test_stock_dashboard.TestStockDashboardKPIs" name="test_get_kpis_with_es_lq_filter" time="0.863" /><testcase classname="backend.tests.test_stock_dashboard.TestStockDashboardPivotModelo" name="test_pivot_modelo_no_filter" time="5.948" /><testcase classname="backend.tests.test_stock_dashboard.TestStockDashboardPivotModelo" name="test_pivot_modelo_with_tienda_filter" time="11.237" /><testcase classname="backend.tests.test_stock_dashboard.TestStockDashboardPivotModelo" name="test_pivot_modelo_pagination" time="67.176" /><testcase classname="backend.tests.test_stock_dashboard.TestStockDashboardPivotModeloTienda" name="test_pivot_modelo_tienda_no_filter" time="5.672" /><testcase classname="backend.tests.test_stock_dashboard.TestStockDashboardPivotModeloTienda" name="test_pivot_modelo_tienda_with_single_tienda_filter" time="2.632" /><testcase classname="backend.tests.test_stock_dashboard.TestStockDashboardPivotModeloTienda" name="test_pivot_modelo_tienda_pagination" time="65.647" /><testcase classname="backend.tests.test_stock_dashboard.TestStockDashboardPivotTienda" name="test_pivot_tienda_with_tienda_param" time="10.906" /><testcase classname="backend.tests.test_stock_dashboard.TestStockDashboardPivotTienda" name="test_pivot_tienda_ap_store" time="0.854" /><testcase classname="backend.tests.test_stock_dashboard.TestStockDashboardDetalle" name="test_detalle_no_filter" time="3.424" /><testcase classname="backend.tests.test_stock_dashboard.TestStockDashboardDetalle" name="test_detalle_with_filter" time="10.284" /><testcase classname="backend.tests.test_stock_dashboard.TestStockDashboardDetalle" name="test_detalle_pagination" time="4.982" /></testsuite></testsuites>