<?xml version="1.0" encoding="utf-8"?><testsuites name="pytest tests"><testsuite name="pytest" errors="0" failures="1" skipped="0" tests="27" time="48.987" timestamp="2026-02-13T18:36:52.982521+00:00" hostname="agent-env-5d04503a-9f0a-4c7b-8507-bf66059aefc1"><testcase classname="backend.tests.test_stock_dashboard_p0.TestHealthAndAuth" name="test_health_check" time="0.782" /><testcase classname="backend.tests.test_stock_dashboard_p0.TestHealthAndAuth" name="test_login_success" time="0.787" /><testcase classname="backend.tests.test_stock_dashboard_p0.TestHealthAndAuth" name="test_login_invalid_credentials" time="0.426" /><testcase classname="backend.tests.test_stock_dashboard_p0.TestStockDashboardCube" name="test_cube_requires_auth" time="0.185" /><testcase classname="backend.tests.test_stock_dashboard_p0.TestStockDashboardCube" name="test_cube_returns_data" time="4.724" /><testcase classname="backend.tests.test_stock_dashboard_p0.TestStockDashboardCube" name="test_cube_kpis_structure" time="4.678" /><testcase classname="backend.tests.test_stock_dashboard_p0.TestStockDashboardCube" name="test_cube_contains_store_data" time="3.483" /><testcase classname="backend.tests.test_stock_dashboard_p0.TestStockDashboardFilters" name="test_filter_options_requires_auth" time="0.171" /><testcase classname="backend.tests.test_stock_dashboard_p0.TestStockDashboardFilters" name="test_filter_options_structure" time="10.355" /><testcase classname="backend.tests.test_stock_dashboard_p0.TestStockDashboardFilters" name="test_filter_options_have_counts" time="0.175" /><testcase classname="backend.tests.test_stock_dashboard_p0.TestStockDashboardFilters" name="test_filter_options_contains_brands" time="0.118" /><testcase classname="backend.tests.test_stock_dashboard_p0.TestReposicionSKUSummary" name="test_sku_summary_requires_auth" time="0.140" /><testcase classname="backend.tests.test_stock_dashboard_p0.TestReposicionSKUSummary" name="test_sku_summary_returns_data" time="1.803" /><testcase classname="backend.tests.test_stock_dashboard_p0.TestReposicionSKUSummary" name="test_sku_summary_kpis" time="1.605" /><testcase classname="backend.tests.test_stock_dashboard_p0.TestReposicionSKUSummary" name="test_sku_summary_item_structure" time="1.587" /><testcase classname="backend.tests.test_stock_dashboard_p0.TestReposicionSKUModels" name="test_sku_models_requires_auth" time="0.179" /><testcase classname="backend.tests.test_stock_dashboard_p0.TestReposicionSKUModels" name="test_sku_models_returns_structure" time="2.483" /><testcase classname="backend.tests.test_stock_dashboard_p0.TestBalanceTallasMatrix" name="test_matrix_requires_auth" time="0.136" /><testcase classname="backend.tests.test_stock_dashboard_p0.TestBalanceTallasMatrix" name="test_matrix_returns_data" time="1.949" /><testcase classname="backend.tests.test_stock_dashboard_p0.TestBalanceTallasMatrix" name="test_matrix_tallas_sorted" time="2.261" /><testcase classname="backend.tests.test_stock_dashboard_p0.TestBalanceTallasMatrix" name="test_matrix_rows_structure" time="1.491" /><testcase classname="backend.tests.test_stock_dashboard_p0.TestBalanceTallasMatrix" name="test_matrix_filter_options" time="1.654" /><testcase classname="backend.tests.test_stock_dashboard_p0.TestBalanceTallasColors" name="test_colors_matrix_requires_auth" time="0.181" /><testcase classname="backend.tests.test_stock_dashboard_p0.TestBalanceTallasColors" name="test_colors_matrix_empty_without_params" time="0.144" /><testcase classname="backend.tests.test_stock_dashboard_p0.TestBalanceTallasColors" name="test_colors_matrix_with_params" time="2.440" /><testcase classname="backend.tests.test_stock_dashboard_p0.TestDataIntegrity" name="test_cube_total_matches_kpi" time="3.332"><failure message="AssertionError: Cube total (41448.0) differs from KPI (44822.0) by 7.53%&#10;assert 7.527553433581723 &lt; 5">backend/tests/test_stock_dashboard_p0.py:373: in test_cube_total_matches_kpi
    assert diff_pct &lt; 5, f"Cube total ({cube_total}) differs from KPI ({kpi_total}) by {diff_pct:.2f}%"
E   AssertionError: Cube total (41448.0) differs from KPI (44822.0) by 7.53%
E   assert 7.527553433581723 &lt; 5</failure></testcase><testcase classname="backend.tests.test_stock_dashboard_p0.TestDataIntegrity" name="test_balance_totals_consistency" time="1.548" /></testsuite></testsuites>