<?xml version="1.0" encoding="utf-8"?><testsuites name="pytest tests"><testsuite name="pytest" errors="0" failures="3" skipped="0" tests="15" time="85.416" timestamp="2026-02-13T19:01:13.906593+00:00" hostname="agent-env-5d04503a-9f0a-4c7b-8507-bf66059aefc1"><testcase classname="backend.tests.test_comercial.TestComercialSummary" name="test_summary_requires_auth" time="11.228"><failure message="assert 200 == 401&#10; +  where 200 = &lt;Response [200]&gt;.status_code">backend/tests/test_comercial.py:35: in test_summary_requires_auth
    assert response.status_code == 401
E   assert 200 == 401
E    +  where 200 = &lt;Response [200]&gt;.status_code</failure></testcase><testcase classname="backend.tests.test_comercial.TestComercialSummary" name="test_summary_sale_returns_kpis" time="14.405" /><testcase classname="backend.tests.test_comercial.TestComercialSummary" name="test_summary_reserva_returns_lower_numbers" time="0.843" /><testcase classname="backend.tests.test_comercial.TestComercialSummary" name="test_summary_top_productos_structure" time="8.883" /><testcase classname="backend.tests.test_comercial.TestComercialSummary" name="test_summary_top_clientes_structure" time="6.395" /><testcase classname="backend.tests.test_comercial.TestComercialFilterOptions" name="test_filter_options_requires_auth" time="15.680"><failure message="assert 200 == 401&#10; +  where 200 = &lt;Response [200]&gt;.status_code">backend/tests/test_comercial.py:132: in test_filter_options_requires_auth
    assert response.status_code == 401
E   assert 200 == 401
E    +  where 200 = &lt;Response [200]&gt;.status_code</failure></testcase><testcase classname="backend.tests.test_comercial.TestComercialFilterOptions" name="test_filter_options_returns_all_arrays" time="10.552" /><testcase classname="backend.tests.test_comercial.TestComercialDetail" name="test_detail_requires_auth" time="0.668"><failure message="assert 200 == 401&#10; +  where 200 = &lt;Response [200]&gt;.status_code">backend/tests/test_comercial.py:161: in test_detail_requires_auth
    assert response.status_code == 401
E   assert 200 == 401
E    +  where 200 = &lt;Response [200]&gt;.status_code</failure></testcase><testcase classname="backend.tests.test_comercial.TestComercialDetail" name="test_detail_returns_paginated_items" time="0.693" /><testcase classname="backend.tests.test_comercial.TestComercialDetail" name="test_detail_items_structure" time="0.587" /><testcase classname="backend.tests.test_comercial.TestComercialDetail" name="test_detail_pagination_next_page" time="1.164" /><testcase classname="backend.tests.test_comercial.TestComercialFilters" name="test_marca_filter_works" time="12.409" /><testcase classname="backend.tests.test_comercial.TestComercialFilters" name="test_date_filter_works" time="0.648" /><testcase classname="backend.tests.test_comercial.TestComercialDataIntegrity" name="test_sale_excludes_reservations" time="0.637" /><testcase classname="backend.tests.test_comercial.TestComercialDataIntegrity" name="test_reserva_only_unused_reservations" time="0.506" /></testsuite></testsuites>