<?xml version="1.0" encoding="utf-8"?><testsuites name="pytest tests"><testsuite name="pytest" errors="0" failures="0" skipped="0" tests="17" time="61.742" timestamp="2026-02-13T14:01:45.045687+00:00" hostname="agent-env-7702af5a-f8dd-487d-8ee3-21e9b931c00d"><testcase classname="backend.tests.test_stock_dashboard_crossfilter.TestFiltersEndpoint" name="test_filters_returns_all_filter_types" time="9.762" /><testcase classname="backend.tests.test_stock_dashboard_crossfilter.TestFiltersEndpoint" name="test_filters_returns_canonical_tiendas" time="9.460" /><testcase classname="backend.tests.test_stock_dashboard_crossfilter.TestFiltersEndpoint" name="test_filters_tallas_are_sorted" time="8.318" /><testcase classname="backend.tests.test_stock_dashboard_crossfilter.TestPanelsEndpoint" name="test_panels_unfiltered" time="4.259" /><testcase classname="backend.tests.test_stock_dashboard_crossfilter.TestPanelsEndpoint" name="test_panels_crossfilter_by_modelo" time="1.211" /><testcase classname="backend.tests.test_stock_dashboard_crossfilter.TestPanelsEndpoint" name="test_panels_crossfilter_by_talla" time="1.677" /><testcase classname="backend.tests.test_stock_dashboard_crossfilter.TestPanelsEndpoint" name="test_panels_crossfilter_by_es_negro" time="2.921" /><testcase classname="backend.tests.test_stock_dashboard_crossfilter.TestPanelsEndpoint" name="test_panels_crossfilter_by_es_lq" time="1.482" /><testcase classname="backend.tests.test_stock_dashboard_crossfilter.TestPanelsEndpoint" name="test_panels_multiple_filters" time="1.321" /><testcase classname="backend.tests.test_stock_dashboard_crossfilter.TestPanelsEndpoint" name="test_panels_store_structure" time="2.916" /><testcase classname="backend.tests.test_stock_dashboard_crossfilter.TestModeloTallaEndpoint" name="test_modelo_talla_unfiltered" time="2.320" /><testcase classname="backend.tests.test_stock_dashboard_crossfilter.TestModeloTallaEndpoint" name="test_modelo_talla_row_structure" time="1.568" /><testcase classname="backend.tests.test_stock_dashboard_crossfilter.TestModeloTallaEndpoint" name="test_modelo_talla_crossfilter" time="1.617" /><testcase classname="backend.tests.test_stock_dashboard_crossfilter.TestDetalleEndpoint" name="test_detalle_unfiltered" time="3.590" /><testcase classname="backend.tests.test_stock_dashboard_crossfilter.TestDetalleEndpoint" name="test_detalle_item_structure" time="2.567" /><testcase classname="backend.tests.test_stock_dashboard_crossfilter.TestDetalleEndpoint" name="test_detalle_crossfilter_modelo" time="1.492" /><testcase classname="backend.tests.test_stock_dashboard_crossfilter.TestDetalleEndpoint" name="test_detalle_pagination" time="5.133" /></testsuite></testsuites>