<?xml version="1.0" encoding="utf-8"?><testsuites name="pytest tests"><testsuite name="pytest" errors="0" failures="0" skipped="0" tests="15" time="61.442" timestamp="2026-02-13T19:03:00.902456+00:00" hostname="agent-env-5d04503a-9f0a-4c7b-8507-bf66059aefc1"><testcase classname="backend.tests.test_comercial.TestComercialSummary" name="test_summary_no_auth_required" time="8.849" /><testcase classname="backend.tests.test_comercial.TestComercialSummary" name="test_summary_sale_returns_kpis" time="5.475" /><testcase classname="backend.tests.test_comercial.TestComercialSummary" name="test_summary_reserva_returns_lower_numbers" time="0.654" /><testcase classname="backend.tests.test_comercial.TestComercialSummary" name="test_summary_top_productos_structure" time="4.196" /><testcase classname="backend.tests.test_comercial.TestComercialSummary" name="test_summary_top_clientes_structure" time="4.962" /><testcase classname="backend.tests.test_comercial.TestComercialFilterOptions" name="test_filter_options_no_auth_required" time="9.979" /><testcase classname="backend.tests.test_comercial.TestComercialFilterOptions" name="test_filter_options_returns_all_arrays" time="10.402" /><testcase classname="backend.tests.test_comercial.TestComercialDetail" name="test_detail_no_auth_required" time="0.812" /><testcase classname="backend.tests.test_comercial.TestComercialDetail" name="test_detail_returns_paginated_items" time="0.677" /><testcase classname="backend.tests.test_comercial.TestComercialDetail" name="test_detail_items_structure" time="0.526" /><testcase classname="backend.tests.test_comercial.TestComercialDetail" name="test_detail_pagination_next_page" time="1.024" /><testcase classname="backend.tests.test_comercial.TestComercialFilters" name="test_marca_filter_works" time="11.681" /><testcase classname="backend.tests.test_comercial.TestComercialFilters" name="test_date_filter_works" time="0.858" /><testcase classname="backend.tests.test_comercial.TestComercialDataIntegrity" name="test_sale_excludes_reservations" time="0.722" /><testcase classname="backend.tests.test_comercial.TestComercialDataIntegrity" name="test_reserva_only_unused_reservations" time="0.541" /></testsuite></testsuites>