<?xml version="1.0" encoding="utf-8"?><testsuites name="pytest tests"><testsuite name="pytest" errors="0" failures="0" skipped="0" tests="11" time="67.083" timestamp="2026-03-06T13:53:38.261942+00:00" hostname="agent-env-e546a68f-5241-4e10-aa0a-e046df392607"><testcase classname="backend.tests.test_multivalue_filters.TestMultiValueSummaryEndpoint" name="test_summary_multi_tienda_filter_works" time="49.372" /><testcase classname="backend.tests.test_multivalue_filters.TestMultiValueSummaryEndpoint" name="test_summary_multi_marca_filter_works" time="1.342" /><testcase classname="backend.tests.test_multivalue_filters.TestMultiValueSummaryEndpoint" name="test_summary_single_tienda_still_works" time="1.213" /><testcase classname="backend.tests.test_multivalue_filters.TestMultiValueSummaryEndpoint" name="test_summary_sin_tienda_mixed_with_real_values" time="1.950" /><testcase classname="backend.tests.test_multivalue_filters.TestMultiValueByMonthEndpoint" name="test_by_month_multi_tienda_filter_works" time="1.854" /><testcase classname="backend.tests.test_multivalue_filters.TestMultiValueByMonthEndpoint" name="test_by_month_multi_marca_filter_works" time="0.597" /><testcase classname="backend.tests.test_multivalue_filters.TestMultiValueTopEndpoint" name="test_top_multi_tienda_filter_works" time="1.695" /><testcase classname="backend.tests.test_multivalue_filters.TestMultiValueTopEndpoint" name="test_top_multi_marca_filter_works" time="0.533" /><testcase classname="backend.tests.test_multivalue_filters.TestMultiValueTopEndpoint" name="test_top_multi_tipo_filter_works" time="6.512" /><testcase classname="backend.tests.test_multivalue_filters.TestMultiValueCombinations" name="test_combined_multi_tienda_and_marca" time="1.342" /><testcase classname="backend.tests.test_multivalue_filters.TestMultiValueCombinations" name="test_three_stores_filter" time="0.571" /></testsuite></testsuites>