<?xml version="1.0" encoding="utf-8"?><testsuites name="pytest tests"><testsuite name="pytest" errors="0" failures="0" skipped="0" tests="22" time="36.276" timestamp="2026-02-13T17:38:39.077324+00:00" hostname="agent-env-c43a6559-bfe3-4955-8bf1-e39313878f0d"><testcase classname="backend.tests.test_balance_tallas.TestStockBalanceMatrix" name="test_matrix_returns_200" time="2.684" /><testcase classname="backend.tests.test_balance_tallas.TestStockBalanceMatrix" name="test_matrix_response_structure" time="1.546" /><testcase classname="backend.tests.test_balance_tallas.TestStockBalanceMatrix" name="test_matrix_tallas_is_list" time="1.529" /><testcase classname="backend.tests.test_balance_tallas.TestStockBalanceMatrix" name="test_matrix_rows_structure" time="1.452" /><testcase classname="backend.tests.test_balance_tallas.TestStockBalanceMatrix" name="test_matrix_totals_by_talla" time="1.274" /><testcase classname="backend.tests.test_balance_tallas.TestStockBalanceMatrix" name="test_matrix_grand_total" time="1.278" /><testcase classname="backend.tests.test_balance_tallas.TestStockBalanceMatrix" name="test_matrix_total_items" time="1.534" /><testcase classname="backend.tests.test_balance_tallas.TestStockBalanceMatrix" name="test_matrix_filter_opts_structure" time="1.619" /><testcase classname="backend.tests.test_balance_tallas.TestStockBalanceMatrixFilters" name="test_filter_by_marca" time="2.788" /><testcase classname="backend.tests.test_balance_tallas.TestStockBalanceMatrixFilters" name="test_filter_by_tienda" time="2.152" /><testcase classname="backend.tests.test_balance_tallas.TestStockBalanceMatrixFilters" name="test_filter_by_tipo" time="2.320" /><testcase classname="backend.tests.test_balance_tallas.TestStockBalanceMatrixFilters" name="test_multiple_filters" time="1.958" /><testcase classname="backend.tests.test_balance_tallas.TestStockBalanceMatrixFilters" name="test_pagination_params" time="2.565" /><testcase classname="backend.tests.test_balance_tallas.TestStockBalanceColorsMatrix" name="test_colors_matrix_without_params_returns_empty" time="0.073" /><testcase classname="backend.tests.test_balance_tallas.TestStockBalanceColorsMatrix" name="test_colors_matrix_with_item_params" time="2.574" /><testcase classname="backend.tests.test_balance_tallas.TestStockBalanceColorsMatrix" name="test_colors_matrix_row_structure" time="2.132" /><testcase classname="backend.tests.test_balance_tallas.TestStockBalanceColorsMatrix" name="test_colors_matrix_totals_match" time="2.189" /><testcase classname="backend.tests.test_balance_tallas.TestStockBalanceAuth" name="test_matrix_requires_auth" time="0.182" /><testcase classname="backend.tests.test_balance_tallas.TestStockBalanceAuth" name="test_colors_requires_auth" time="0.261" /><testcase classname="backend.tests.test_balance_tallas.TestStockBalanceDataIntegrity" name="test_item_total_equals_sum_of_values" time="1.353" /><testcase classname="backend.tests.test_balance_tallas.TestStockBalanceDataIntegrity" name="test_totals_by_talla_correct" time="1.354" /><testcase classname="backend.tests.test_balance_tallas.TestStockBalanceDataIntegrity" name="test_grand_total_correct" time="1.322" /></testsuite></testsuites>