<?xml version="1.0" encoding="utf-8"?><testsuites name="pytest tests"><testsuite name="pytest" errors="0" failures="0" skipped="0" tests="20" time="33.128" timestamp="2026-02-13T18:02:46.007687+00:00" hostname="agent-env-c43a6559-bfe3-4955-8bf1-e39313878f0d"><testcase classname="backend.tests.test_reposicion_sku.TestSkuSummaryEndpoint" name="test_sku_summary_returns_200_with_auth" time="3.309" /><testcase classname="backend.tests.test_reposicion_sku.TestSkuSummaryEndpoint" name="test_sku_summary_requires_auth" time="0.119" /><testcase classname="backend.tests.test_reposicion_sku.TestSkuSummaryEndpoint" name="test_sku_summary_response_structure" time="1.591" /><testcase classname="backend.tests.test_reposicion_sku.TestSkuSummaryEndpoint" name="test_sku_summary_kpis_fields" time="1.992" /><testcase classname="backend.tests.test_reposicion_sku.TestSkuSummaryEndpoint" name="test_sku_item_structure" time="1.921" /><testcase classname="backend.tests.test_reposicion_sku.TestSkuSummaryEndpoint" name="test_destinos_array_structure" time="1.789" /><testcase classname="backend.tests.test_reposicion_sku.TestSkuSummaryEndpoint" name="test_recomendaciones_array_structure" time="2.274" /><testcase classname="backend.tests.test_reposicion_sku.TestPoolCapping" name="test_qty_asignada_never_exceeds_stock_almacen" time="2.337" /><testcase classname="backend.tests.test_reposicion_sku.TestPoolCapping" name="test_limited_stock_single_allocation" time="1.997" /><testcase classname="backend.tests.test_reposicion_sku.TestSorting" name="test_faltantes_come_first" time="1.966" /><testcase classname="backend.tests.test_reposicion_sku.TestSoloObjetivoFilter" name="test_solo_objetivo_true_limits_to_brand_targets" time="1.980" /><testcase classname="backend.tests.test_reposicion_sku.TestSoloObjetivoFilter" name="test_qepo_targets_boosh_gm207" time="0.895" /><testcase classname="backend.tests.test_reposicion_sku.TestSoloObjetivoFilter" name="test_solo_objetivo_false_shows_more_results" time="3.743" /><testcase classname="backend.tests.test_reposicion_sku.TestSkuModelsEndpoint" name="test_sku_models_returns_200_with_auth" time="0.833" /><testcase classname="backend.tests.test_reposicion_sku.TestSkuModelsEndpoint" name="test_sku_models_requires_auth" time="0.430" /><testcase classname="backend.tests.test_reposicion_sku.TestSkuModelsEndpoint" name="test_sku_models_response_structure" time="1.293" /><testcase classname="backend.tests.test_reposicion_sku.TestSkuModelsEndpoint" name="test_model_item_structure" time="0.679" /><testcase classname="backend.tests.test_reposicion_sku.TestSkuModelsEndpoint" name="test_sku_models_empty_without_required_params" time="0.320" /><testcase classname="backend.tests.test_reposicion_sku.TestKPITotals" name="test_expected_sku_count_approx_2575" time="1.816" /><testcase classname="backend.tests.test_reposicion_sku.TestKPITotals" name="test_con_asignacion_count_approx_1526" time="1.711" /></testsuite></testsuites>