<?xml version="1.0" encoding="utf-8"?><testsuites name="pytest tests"><testsuite name="pytest" errors="0" failures="0" skipped="0" tests="27" time="46.139" timestamp="2026-02-13T18:37:57.471655+00:00" hostname="agent-env-5d04503a-9f0a-4c7b-8507-bf66059aefc1"><testcase classname="backend.tests.test_stock_dashboard_p0.TestHealthAndAuth" name="test_health_check" time="1.929" /><testcase classname="backend.tests.test_stock_dashboard_p0.TestHealthAndAuth" name="test_login_success" time="0.797" /><testcase classname="backend.tests.test_stock_dashboard_p0.TestHealthAndAuth" name="test_login_invalid_credentials" time="0.397" /><testcase classname="backend.tests.test_stock_dashboard_p0.TestStockDashboardCube" name="test_cube_requires_auth" time="0.435" /><testcase classname="backend.tests.test_stock_dashboard_p0.TestStockDashboardCube" name="test_cube_returns_data" time="4.916" /><testcase classname="backend.tests.test_stock_dashboard_p0.TestStockDashboardCube" name="test_cube_kpis_structure" time="3.758" /><testcase classname="backend.tests.test_stock_dashboard_p0.TestStockDashboardCube" name="test_cube_contains_store_data" time="3.252" /><testcase classname="backend.tests.test_stock_dashboard_p0.TestStockDashboardFilters" name="test_filter_options_requires_auth" time="0.161" /><testcase classname="backend.tests.test_stock_dashboard_p0.TestStockDashboardFilters" name="test_filter_options_structure" time="9.279" /><testcase classname="backend.tests.test_stock_dashboard_p0.TestStockDashboardFilters" name="test_filter_options_have_counts" time="0.162" /><testcase classname="backend.tests.test_stock_dashboard_p0.TestStockDashboardFilters" name="test_filter_options_contains_brands" time="0.142" /><testcase classname="backend.tests.test_stock_dashboard_p0.TestReposicionSKUSummary" name="test_sku_summary_requires_auth" time="0.133" /><testcase classname="backend.tests.test_stock_dashboard_p0.TestReposicionSKUSummary" name="test_sku_summary_returns_data" time="1.793" /><testcase classname="backend.tests.test_stock_dashboard_p0.TestReposicionSKUSummary" name="test_sku_summary_kpis" time="1.460" /><testcase classname="backend.tests.test_stock_dashboard_p0.TestReposicionSKUSummary" name="test_sku_summary_item_structure" time="1.633" /><testcase classname="backend.tests.test_stock_dashboard_p0.TestReposicionSKUModels" name="test_sku_models_requires_auth" time="0.173" /><testcase classname="backend.tests.test_stock_dashboard_p0.TestReposicionSKUModels" name="test_sku_models_returns_structure" time="2.321" /><testcase classname="backend.tests.test_stock_dashboard_p0.TestBalanceTallasMatrix" name="test_matrix_requires_auth" time="0.184" /><testcase classname="backend.tests.test_stock_dashboard_p0.TestBalanceTallasMatrix" name="test_matrix_returns_data" time="1.495" /><testcase classname="backend.tests.test_stock_dashboard_p0.TestBalanceTallasMatrix" name="test_matrix_tallas_sorted" time="1.424" /><testcase classname="backend.tests.test_stock_dashboard_p0.TestBalanceTallasMatrix" name="test_matrix_rows_structure" time="1.579" /><testcase classname="backend.tests.test_stock_dashboard_p0.TestBalanceTallasMatrix" name="test_matrix_filter_options" time="1.346" /><testcase classname="backend.tests.test_stock_dashboard_p0.TestBalanceTallasColors" name="test_colors_matrix_requires_auth" time="0.162" /><testcase classname="backend.tests.test_stock_dashboard_p0.TestBalanceTallasColors" name="test_colors_matrix_empty_without_params" time="0.157" /><testcase classname="backend.tests.test_stock_dashboard_p0.TestBalanceTallasColors" name="test_colors_matrix_with_params" time="2.341" /><testcase classname="backend.tests.test_stock_dashboard_p0.TestDataIntegrity" name="test_cube_total_matches_kpi" time="3.153" /><testcase classname="backend.tests.test_stock_dashboard_p0.TestDataIntegrity" name="test_balance_totals_consistency" time="1.461" /></testsuite></testsuites>