<?xml version="1.0" encoding="utf-8"?><testsuites name="pytest tests"><testsuite name="pytest" errors="0" failures="0" skipped="0" tests="14" time="26.972" timestamp="2026-02-13T16:50:56.300424+00:00" hostname="agent-env-3a87cf6a-cec0-41be-bff4-f9ec6130a045"><testcase classname="tests.test_reposicion.TestReposicionEndpoint" name="test_reposicion_default_params" time="3.412" /><testcase classname="tests.test_reposicion.TestReposicionEndpoint" name="test_reposicion_item_structure" time="2.373" /><testcase classname="tests.test_reposicion.TestReposicionEndpoint" name="test_reposicion_umbral_destino_filter" time="2.122" /><testcase classname="tests.test_reposicion.TestReposicionEndpoint" name="test_reposicion_marca_qepo_filter" time="0.885" /><testcase classname="tests.test_reposicion.TestReposicionEndpoint" name="test_reposicion_marca_element_premium_filter" time="1.875" /><testcase classname="tests.test_reposicion.TestReposicionEndpoint" name="test_reposicion_tienda_destino_filter" time="1.664" /><testcase classname="tests.test_reposicion.TestReposicionEndpoint" name="test_reposicion_solo_objetivo_false" time="1.831" /><testcase classname="tests.test_reposicion.TestReposicionEndpoint" name="test_reposicion_almacen_prioritized" time="1.734" /><testcase classname="tests.test_reposicion.TestReposicionEndpoint" name="test_reposicion_pagination" time="3.392" /><testcase classname="tests.test_reposicion.TestReposicionEndpoint" name="test_reposicion_sorting" time="1.791" /><testcase classname="tests.test_reposicion.TestReposicionDetalleEndpoint" name="test_reposicion_detalle_basic" time="2.637" /><testcase classname="tests.test_reposicion.TestReposicionDetalleEndpoint" name="test_reposicion_detalle_shows_stores" time="2.880" /><testcase classname="tests.test_reposicion.TestReposicionAuth" name="test_reposicion_requires_auth" time="0.137" /><testcase classname="tests.test_reposicion.TestReposicionAuth" name="test_reposicion_detalle_requires_auth" time="0.119" /></testsuite></testsuites>