<?xml version="1.0" encoding="utf-8"?><testsuites name="pytest tests"><testsuite name="pytest" errors="0" failures="0" skipped="1" tests="10" time="34.803" timestamp="2026-02-21T02:19:20.567907+00:00" hostname="agent-env-59227340-553c-4626-b6db-167f5bf1932d"><testcase classname="tests.test_soft_disable.TestSoftDisableCuentas" name="test_get_cuenta_contactos_count_active" time="7.136" /><testcase classname="tests.test_soft_disable.TestSoftDisableCuentas" name="test_get_cuentas_list_excludes_inactive_by_default" time="5.295" /><testcase classname="tests.test_soft_disable.TestSoftDisableCuentas" name="test_get_cuentas_list_with_include_inactive" time="2.705" /><testcase classname="tests.test_soft_disable.TestSoftDisableCuentas" name="test_deactivate_cuenta_with_cascade" time="3.506" /><testcase classname="tests.test_soft_disable.TestSoftDisableCuentas" name="test_activate_cuenta_with_cascade_reactivation" time="3.532" /><testcase classname="tests.test_soft_disable.TestSoftDisableCuentas" name="test_deactivated_cuenta_excluded_from_list" time="3.958" /><testcase classname="tests.test_soft_disable.TestSoftDisableCuentas" name="test_get_contactos_with_include_inactive" time="1.927" /><testcase classname="tests.test_soft_disable.TestSoftDisableContactos" name="test_deactivate_contacto_endpoint_exists" time="1.772"><skipped type="pytest.skip" message="No contactos available for testing">/app/backend/tests/test_soft_disable.py:235: No contactos available for testing</skipped></testcase><testcase classname="tests.test_soft_disable.TestCuentaDetailEndpoints" name="test_cuenta_detail_has_is_active_field" time="2.074" /><testcase classname="tests.test_soft_disable.TestCuentaDetailEndpoints" name="test_cuenta_detail_after_deactivation_has_metadata" time="2.778" /></testsuite></testsuites>