<?xml version="1.0" encoding="utf-8"?><testsuites name="pytest tests"><testsuite name="pytest" errors="0" failures="1" skipped="0" tests="26" time="363.054" timestamp="2026-02-24T09:32:35.627709+00:00" hostname="agent-env-e7905b10-6f14-4a45-bb22-2aacf8da6035"><testcase classname="backend.tests.test_cuentas_directory_columns.TestCuentasDirectoryColumns" name="test_list_returns_all_new_columns" time="10.599" /><testcase classname="backend.tests.test_cuentas_directory_columns.TestCuentasDirectoryColumns" name="test_qty_12m_is_integer" time="10.208" /><testcase classname="backend.tests.test_cuentas_directory_columns.TestCuentasDirectoryColumns" name="test_orders_12m_is_integer" time="11.454" /><testcase classname="backend.tests.test_cuentas_directory_columns.TestCuentasDirectoryColumns" name="test_pct_vs_avg_ytd_null_or_float" time="10.246" /><testcase classname="backend.tests.test_cuentas_directory_columns.TestCuentasDirectoryColumns" name="test_pct_vs_avg_ytd_rounded_to_4_decimals" time="14.621" /><testcase classname="backend.tests.test_cuentas_directory_columns.TestCuentasDirectoryColumns" name="test_last_purchase_date_format" time="10.271" /><testcase classname="backend.tests.test_cuentas_directory_columns.TestCuentasDirectoryColumns" name="test_phone_display_exists" time="10.379" /><testcase classname="backend.tests.test_cuentas_directory_columns.TestCuentasDirectoryColumns" name="test_phone_whatsapp_format_peru_9digit" time="11.501" /><testcase classname="backend.tests.test_cuentas_directory_columns.TestCuentasDirectoryColumns" name="test_phone_dedup_mobile_priority" time="10.182" /><testcase classname="backend.tests.test_cuentas_directory_columns.TestCuentasDirectoryColumns" name="test_sort_by_depto_asc" time="11.561" /><testcase classname="backend.tests.test_cuentas_directory_columns.TestCuentasDirectoryColumns" name="test_sort_by_depto_desc" time="10.351" /><testcase classname="backend.tests.test_cuentas_directory_columns.TestCuentasDirectoryColumns" name="test_sort_by_last_purchase_desc" time="10.504" /><testcase classname="backend.tests.test_cuentas_directory_columns.TestCuentasDirectoryColumns" name="test_sort_by_last_purchase_asc" time="10.343" /><testcase classname="backend.tests.test_cuentas_directory_columns.TestCuentasDirectoryColumns" name="test_sort_by_qty_12m_desc" time="11.734" /><testcase classname="backend.tests.test_cuentas_directory_columns.TestCuentasDirectoryColumns" name="test_sort_by_orders_12m_desc" time="10.514" /><testcase classname="backend.tests.test_cuentas_directory_columns.TestCuentasDirectoryColumns" name="test_sort_by_pct_ytd_desc" time="10.373" /><testcase classname="backend.tests.test_cuentas_directory_columns.TestCuentasDirectoryColumns" name="test_sort_by_pct_ytd_asc" time="10.471" /><testcase classname="backend.tests.test_cuentas_directory_columns.TestCuentasDirectoryColumns" name="test_sort_by_name_default" time="10.084" /><testcase classname="backend.tests.test_cuentas_directory_columns.TestCuentasDirectoryColumns" name="test_pagination_page_1" time="11.088" /><testcase classname="backend.tests.test_cuentas_directory_columns.TestCuentasDirectoryColumns" name="test_pagination_page_2" time="20.174" /><testcase classname="backend.tests.test_cuentas_directory_columns.TestCuentasDirectoryColumns" name="test_search_q_filter" time="60.865"><failure message="assert 520 == 200&#10; +  where 520 = &lt;Response [520]&gt;.status_code">backend/tests/test_cuentas_directory_columns.py:286: in test_search_q_filter
    assert resp.status_code == 200
E   assert 520 == 200
E    +  where 520 = &lt;Response [520]&gt;.status_code</failure></testcase><testcase classname="backend.tests.test_cuentas_directory_columns.TestCuentasDirectoryColumns" name="test_estado_filter" time="16.979" /><testcase classname="backend.tests.test_cuentas_directory_columns.TestCuentasDirectoryColumns" name="test_include_inactive_false" time="27.389" /><testcase classname="backend.tests.test_cuentas_directory_columns.TestCuentasDirectoryColumns" name="test_include_inactive_true" time="17.001" /><testcase classname="backend.tests.test_cuentas_directory_columns.TestCuentasDirectoryColumns" name="test_get_cuenta_detail_still_works" time="12.435" /><testcase classname="backend.tests.test_cuentas_directory_columns.TestCuentasDirectoryColumns" name="test_filter_options_endpoint_works" time="1.635" /></testsuite></testsuites>