<?xml version="1.0" encoding="utf-8"?><testsuites name="pytest tests"><testsuite name="pytest" errors="0" failures="0" skipped="0" tests="13" time="43.512" timestamp="2026-02-24T08:22:00.784653+00:00" hostname="agent-env-e7905b10-6f14-4a45-bb22-2aacf8da6035"><testcase classname="backend.tests.test_customer_override.TestAuthLogin" name="test_login_success" time="5.366" /><testcase classname="backend.tests.test_customer_override.TestSearchCustomers" name="test_search_customers_returns_results" time="1.221" /><testcase classname="backend.tests.test_customer_override.TestSearchCustomers" name="test_search_customers_short_query" time="0.130" /><testcase classname="backend.tests.test_customer_override.TestComercialEndpoints" name="test_comercial_orders_with_has_override" time="8.779" /><testcase classname="backend.tests.test_customer_override.TestComercialEndpoints" name="test_comercial_lines_with_has_override" time="4.584" /><testcase classname="backend.tests.test_customer_override.TestCuentasList" name="test_cuentas_list" time="2.158" /><testcase classname="backend.tests.test_customer_override.TestOverrideCRUD" name="test_create_override" time="9.849" /><testcase classname="backend.tests.test_customer_override.TestOverrideCRUD" name="test_get_existing_override" time="0.537" /><testcase classname="backend.tests.test_customer_override.TestOverrideCRUD" name="test_override_shows_in_comercial_orders" time="9.075" /><testcase classname="backend.tests.test_customer_override.TestOverrideCRUD" name="test_delete_override" time="0.540" /><testcase classname="backend.tests.test_customer_override.TestOverrideCRUD" name="test_get_after_delete" time="0.399" /><testcase classname="backend.tests.test_customer_override.TestOverrideCRUD" name="test_delete_nonexistent_override" time="0.380" /><testcase classname="backend.tests.test_customer_override.TestOverrideNotFound" name="test_create_override_invalid_order" time="0.382" /></testsuite></testsuites>