<?xml version="1.0" encoding="utf-8"?><testsuites name="pytest tests"><testsuite name="pytest" errors="0" failures="0" skipped="0" tests="18" time="56.231" timestamp="2026-02-13T09:40:40.282387+00:00" hostname="agent-env-2ccb7ae7-7840-4c3d-b27d-2bd97256a6a6"><testcase classname="backend.tests.test_stock_dashboard_powerbi.TestFiltersEndpoint" name="test_filters_returns_tienda_canonicas" time="9.655" /><testcase classname="backend.tests.test_stock_dashboard_powerbi.TestFiltersEndpoint" name="test_filters_returns_all_filter_types" time="6.717" /><testcase classname="backend.tests.test_stock_dashboard_powerbi.TestPanelsEndpoint" name="test_panels_returns_all_seven_stores" time="2.935" /><testcase classname="backend.tests.test_stock_dashboard_powerbi.TestPanelsEndpoint" name="test_panels_total_equals_sum_of_real_stores" time="3.188" /><testcase classname="backend.tests.test_stock_dashboard_powerbi.TestPanelsEndpoint" name="test_panels_kpis_returned" time="3.448" /><testcase classname="backend.tests.test_stock_dashboard_powerbi.TestPanelsEndpoint" name="test_panels_tallas_returned" time="2.605" /><testcase classname="backend.tests.test_stock_dashboard_powerbi.TestPanelsEndpoint" name="test_panels_store_structure_has_color_talla_matrix" time="2.695" /><testcase classname="backend.tests.test_stock_dashboard_powerbi.TestPanelsEndpoint" name="test_panels_canonical_mapping_almacen_from_taller" time="2.757" /><testcase classname="backend.tests.test_stock_dashboard_powerbi.TestPanelsEndpoint" name="test_panels_canonical_mapping_gamarra_209_from_gm209" time="3.228" /><testcase classname="backend.tests.test_stock_dashboard_powerbi.TestPanelsEndpoint" name="test_panels_with_es_negro_filter" time="2.481" /><testcase classname="backend.tests.test_stock_dashboard_powerbi.TestModeloTallaEndpoint" name="test_modelo_talla_returns_pivot_data" time="1.635" /><testcase classname="backend.tests.test_stock_dashboard_powerbi.TestModeloTallaEndpoint" name="test_modelo_talla_rows_structure" time="1.538" /><testcase classname="backend.tests.test_stock_dashboard_powerbi.TestModeloTallaEndpoint" name="test_modelo_talla_with_marca_filter" time="0.755" /><testcase classname="backend.tests.test_stock_dashboard_powerbi.TestModeloTallaEndpoint" name="test_modelo_talla_probador_excluded" time="1.553" /><testcase classname="backend.tests.test_stock_dashboard_powerbi.TestExpectedDataValues" name="test_total_stock_is_44229" time="2.700" /><testcase classname="backend.tests.test_stock_dashboard_powerbi.TestExpectedDataValues" name="test_modelos_count_is_879" time="2.799" /><testcase classname="backend.tests.test_stock_dashboard_powerbi.TestExpectedDataValues" name="test_six_canonical_tiendas" time="2.663" /><testcase classname="backend.tests.test_stock_dashboard_powerbi.TestExpectedDataValues" name="test_store_totals_match_expected" time="2.771" /></testsuite></testsuites>