<?xml version="1.0" encoding="utf-8"?><testsuites name="pytest tests"><testsuite name="pytest" errors="0" failures="0" skipped="2" tests="9" time="15.248" timestamp="2026-02-24T07:39:02.479232+00:00" hostname="agent-env-59227340-553c-4626-b6db-167f5bf1932d"><testcase classname="backend.tests.test_bulk_operations.TestCuentasBatchOperations" name="test_cuentas_batch_deactivate" time="7.647" /><testcase classname="backend.tests.test_bulk_operations.TestCuentasBatchOperations" name="test_cuentas_list_excludes_inactive_by_default" time="1.602" /><testcase classname="backend.tests.test_bulk_operations.TestCuentasBatchOperations" name="test_cuentas_list_includes_inactive_when_param_set" time="1.478" /><testcase classname="backend.tests.test_bulk_operations.TestCuentasBatchOperations" name="test_cuentas_batch_reactivate" time="0.814" /><testcase classname="backend.tests.test_bulk_operations.TestCuentasBatchOperations" name="test_cuentas_back_to_active_in_list" time="1.265" /><testcase classname="backend.tests.test_bulk_operations.TestContactosBatchOperations" name="test_contactos_batch_deactivate" time="0.519"><skipped type="pytest.skip" message="No contactos found for batch testing">/app/backend/tests/test_bulk_operations.py:151: No contactos found for batch testing</skipped></testcase><testcase classname="backend.tests.test_bulk_operations.TestContactosBatchOperations" name="test_get_contactos_with_inactive_filter" time="0.866" /><testcase classname="backend.tests.test_bulk_operations.TestContactosBatchOperations" name="test_contactos_batch_reactivate" time="0.394"><skipped type="pytest.skip" message="No contactos found for batch testing">/app/backend/tests/test_bulk_operations.py:188: No contactos found for batch testing</skipped></testcase><testcase classname="backend.tests.test_bulk_operations.TestRestoreState" name="test_restore_cuentas_active" time="0.548" /></testsuite></testsuites>