<?xml version="1.0" encoding="utf-8"?><testsuites name="pytest tests"><testsuite name="pytest" errors="0" failures="0" skipped="0" tests="11" time="32.387" timestamp="2026-02-13T14:29:57.844674+00:00" hostname="agent-env-7702af5a-f8dd-487d-8ee3-21e9b931c00d"><testcase classname="backend.tests.test_cascade_filter_options.TestFilterOptionsBasic" name="test_filter_options_no_filters_returns_all" time="13.329" /><testcase classname="backend.tests.test_cascade_filter_options.TestFilterOptionsBasic" name="test_filter_options_returns_canonical_tiendas" time="0.171" /><testcase classname="backend.tests.test_cascade_filter_options.TestCascadeWithMarca" name="test_marca_boosh_reduces_entalles" time="5.013" /><testcase classname="backend.tests.test_cascade_filter_options.TestCascadeWithMarca" name="test_marca_boosh_reduces_telas" time="0.134" /><testcase classname="backend.tests.test_cascade_filter_options.TestCascadeWithMarca" name="test_marca_boosh_reduces_tallas" time="0.162" /><testcase classname="backend.tests.test_cascade_filter_options.TestCascadeWithMarca" name="test_marca_boosh_reduces_colores" time="0.127" /><testcase classname="backend.tests.test_cascade_filter_options.TestCascadeSelfExclusion" name="test_entalle_filter_shows_all_entalles" time="4.052" /><testcase classname="backend.tests.test_cascade_filter_options.TestCascadeMultipleFilters" name="test_marca_plus_tipo_reduces_further" time="6.406" /><testcase classname="backend.tests.test_cascade_filter_options.TestCascadeLimit" name="test_limit_500_per_field" time="0.815" /><testcase classname="backend.tests.test_cascade_filter_options.TestCascadeCache" name="test_cache_second_request_faster" time="1.087" /><testcase classname="backend.tests.test_cascade_filter_options.TestCascadeTallaSorting" name="test_tallas_are_sorted" time="1.024" /></testsuite></testsuites>