<?xml version="1.0" encoding="utf-8"?><testsuites name="pytest tests"><testsuite name="pytest" errors="0" failures="0" skipped="0" tests="7" time="83.410" timestamp="2026-02-24T15:14:10.853001+00:00" hostname="agent-env-940e1852-eb14-4c8c-9d7b-7c010e7a90b6"><testcase classname="tests.test_maintenance_preview.TestMaintenancePreview" name="test_preview_scope_ambos_returns_correct_structure" time="27.963" /><testcase classname="tests.test_maintenance_preview.TestMaintenancePreview" name="test_preview_with_months_12_returns_more_candidates" time="33.026" /><testcase classname="tests.test_maintenance_preview.TestMaintenancePreview" name="test_preview_scope_cuentas_only_returns_cuentas" time="9.995" /><testcase classname="tests.test_maintenance_preview.TestMaintenancePreview" name="test_preview_scope_contactos_returns_zero" time="1.205" /><testcase classname="tests.test_maintenance_preview.TestMaintenancePreview" name="test_preview_sample_cuentas_structure" time="9.296" /><testcase classname="tests.test_maintenance_preview.TestMaintenancePreview" name="test_preview_invalid_scope_returns_400" time="0.751" /><testcase classname="tests.test_maintenance_preview.TestMaintenancePreview" name="test_preview_unauthenticated_returns_401" time="0.943" /></testsuite></testsuites>