<?xml version="1.0" encoding="utf-8"?><testsuites name="pytest tests"><testsuite name="pytest" errors="0" failures="0" skipped="0" tests="19" time="95.396" timestamp="2026-02-13T15:42:53.458858+00:00" hostname="agent-env-7702af5a-f8dd-487d-8ee3-21e9b931c00d"><testcase classname="backend.tests.test_cube_dashboard.TestCubeEndpoint" name="test_cube_returns_aggregated_data" time="5.148" /><testcase classname="backend.tests.test_cube_dashboard.TestCubeEndpoint" name="test_cube_kpis_structure" time="4.151" /><testcase classname="backend.tests.test_cube_dashboard.TestCubeEndpoint" name="test_cube_modelo_base_normalization" time="3.858" /><testcase classname="backend.tests.test_cube_dashboard.TestCubeEndpoint" name="test_cube_top_300_modelos_without_filter" time="4.019" /><testcase classname="backend.tests.test_cube_dashboard.TestCubeEndpoint" name="test_cube_accepts_bar_filters" time="2.096" /><testcase classname="backend.tests.test_cube_dashboard.TestCubeEndpoint" name="test_cube_lq_filter_yes_no" time="5.588" /><testcase classname="backend.tests.test_cube_dashboard.TestCubeEndpoint" name="test_cube_negro_filter_expanded" time="3.950" /><testcase classname="backend.tests.test_cube_dashboard.TestDetailEndpoint" name="test_detail_paginated_response" time="3.126" /><testcase classname="backend.tests.test_cube_dashboard.TestDetailEndpoint" name="test_detail_item_structure" time="3.096" /><testcase classname="backend.tests.test_cube_dashboard.TestDetailEndpoint" name="test_detail_selection_params" time="5.114" /><testcase classname="backend.tests.test_cube_dashboard.TestDetailEndpoint" name="test_detail_combined_bar_and_selection" time="1.892" /><testcase classname="backend.tests.test_cube_dashboard.TestFilterOptionsV2" name="test_filter_options_v2_structure" time="8.894" /><testcase classname="backend.tests.test_cube_dashboard.TestFilterOptionsV2" name="test_filter_options_v2_lq_param" time="13.644" /><testcase classname="backend.tests.test_cube_dashboard.TestFilterOptionsV2" name="test_filter_options_v2_negro_param" time="10.830" /><testcase classname="backend.tests.test_cube_dashboard.TestFilterOptionsV2" name="test_filter_options_v2_cascade_works" time="5.225" /><testcase classname="backend.tests.test_cube_dashboard.TestFilterOptionsV2" name="test_filter_options_v2_talla_sorting" time="0.764" /><testcase classname="backend.tests.test_cube_dashboard.TestIntegration" name="test_cube_count_matches_expected" time="4.062" /><testcase classname="backend.tests.test_cube_dashboard.TestIntegration" name="test_detail_total_reasonable" time="6.666" /><testcase classname="backend.tests.test_cube_dashboard.TestIntegration" name="test_workflow_bar_filter_then_selection" time="3.137" /></testsuite></testsuites>