<?xml version="1.0" encoding="utf-8"?><testsuites name="pytest tests"><testsuite name="pytest" errors="0" failures="0" skipped="0" tests="13" time="22.250" timestamp="2026-02-13T08:19:42.581258+00:00" hostname="agent-env-2ccb7ae7-7840-4c3d-b27d-2bd97256a6a6"><testcase classname="backend.tests.test_catalogo.TestCatalogoFilterEndpoints" name="test_get_marcas" time="1.918" /><testcase classname="backend.tests.test_catalogo.TestCatalogoFilterEndpoints" name="test_get_tipos" time="1.120" /><testcase classname="backend.tests.test_catalogo.TestCatalogoFilterEndpoints" name="test_get_telas" time="1.086" /><testcase classname="backend.tests.test_catalogo.TestCatalogoFilterEndpoints" name="test_get_entalles" time="1.031" /><testcase classname="backend.tests.test_catalogo.TestCatalogoCRUD" name="test_get_catalogo_basic" time="2.784" /><testcase classname="backend.tests.test_catalogo.TestCatalogoCRUD" name="test_filter_by_marca" time="2.271" /><testcase classname="backend.tests.test_catalogo.TestCatalogoCRUD" name="test_filter_by_tela" time="2.368" /><testcase classname="backend.tests.test_catalogo.TestCatalogoCRUD" name="test_filter_by_entalle" time="2.377" /><testcase classname="backend.tests.test_catalogo.TestMatrizEndpoint" name="test_matriz_all_locations" time="1.911" /><testcase classname="backend.tests.test_catalogo.TestMatrizEndpoint" name="test_matriz_with_location_filter" time="1.765" /><testcase classname="backend.tests.test_catalogo.TestMatrizEndpoint" name="test_matriz_totals_by_color" time="0.866" /><testcase classname="backend.tests.test_catalogo.TestMatrizEndpoint" name="test_matriz_totals_by_size" time="0.948" /><testcase classname="backend.tests.test_catalogo.TestVariantesEndpoint" name="test_variantes_detail" time="1.686" /></testsuite></testsuites>