<?xml version="1.0" encoding="utf-8"?><testsuites name="pytest tests"><testsuite name="pytest" errors="0" failures="0" skipped="0" tests="24" time="92.653" timestamp="2026-02-15T15:36:05.102879+00:00" hostname="agent-env-1e6a8519-4d5e-4bbe-9b80-c077b8260d87"><testcase classname="backend.tests.test_product_catalog_filter.TestComercialOrders" name="test_orders_requires_auth" time="4.022" /><testcase classname="backend.tests.test_product_catalog_filter.TestComercialOrders" name="test_orders_returns_data_with_filtered_lines" time="8.778" /><testcase classname="backend.tests.test_product_catalog_filter.TestComercialLines" name="test_lines_requires_auth" time="0.152" /><testcase classname="backend.tests.test_product_catalog_filter.TestComercialLines" name="test_lines_no_excluded_products" time="4.838" /><testcase classname="backend.tests.test_product_catalog_filter.TestComercialLines" name="test_lines_metrics_positive" time="4.136" /><testcase classname="backend.tests.test_product_catalog_filter.TestCuentaVentasMetrics" name="test_metrics_requires_auth" time="0.133" /><testcase classname="backend.tests.test_product_catalog_filter.TestCuentaVentasMetrics" name="test_metrics_returns_filtered_counts" time="5.988" /><testcase classname="backend.tests.test_product_catalog_filter.TestCuentaVentasOrders" name="test_orders_requires_auth" time="0.121" /><testcase classname="backend.tests.test_product_catalog_filter.TestCuentaVentasOrders" name="test_orders_all_have_filtered_lines" time="8.460" /><testcase classname="backend.tests.test_product_catalog_filter.TestCuentaVentasClasificacion" name="test_clasificacion_requires_auth" time="0.147" /><testcase classname="backend.tests.test_product_catalog_filter.TestCuentaVentasClasificacion" name="test_clasificacion_no_excluded_products" time="5.256" /><testcase classname="backend.tests.test_product_catalog_filter.TestCuentaVentasClasificacionDetail" name="test_detail_requires_auth" time="0.153" /><testcase classname="backend.tests.test_product_catalog_filter.TestCuentaVentasClasificacionDetail" name="test_detail_no_excluded_products" time="1.094" /><testcase classname="backend.tests.test_product_catalog_filter.TestCuentaVentasLines" name="test_lines_requires_auth" time="0.112" /><testcase classname="backend.tests.test_product_catalog_filter.TestCuentaVentasLines" name="test_lines_no_excluded_products" time="1.233" /><testcase classname="backend.tests.test_product_catalog_filter.TestCuentaVentasLines" name="test_lines_for_sale_doc_tipo" time="0.987" /><testcase classname="backend.tests.test_product_catalog_filter.TestFilterConsistency" name="test_comercial_orders_vs_lines_consistency" time="11.680" /><testcase classname="backend.tests.test_product_catalog_filter.TestFilterConsistency" name="test_cuenta_orders_have_positive_lines" time="8.236" /><testcase classname="backend.tests.test_product_catalog_filter.TestExcludedPatternsSpecific" name="test_no_correa_in_lines" time="4.598" /><testcase classname="backend.tests.test_product_catalog_filter.TestExcludedPatternsSpecific" name="test_no_saco_in_lines" time="4.457" /><testcase classname="backend.tests.test_product_catalog_filter.TestExcludedPatternsSpecific" name="test_no_bolsa_in_lines" time="4.567" /><testcase classname="backend.tests.test_product_catalog_filter.TestExcludedPatternsSpecific" name="test_no_probador_in_lines" time="4.378" /><testcase classname="backend.tests.test_product_catalog_filter.TestExcludedPatternsSpecific" name="test_no_paneton_in_lines" time="4.529" /><testcase classname="backend.tests.test_product_catalog_filter.TestExcludedPatternsSpecific" name="test_no_publicitario_in_lines" time="4.502" /></testsuite></testsuites>