<?xml version="1.0" encoding="utf-8"?><testsuites name="pytest tests"><testsuite name="pytest" errors="0" failures="0" skipped="0" tests="10" time="9.542" timestamp="2026-03-04T04:35:23.449100+00:00" hostname="agent-env-940e1852-eb14-4c8c-9d7b-7c010e7a90b6"><testcase classname="backend.tests.test_mi_dia.TestMyDayEndpoint" name="test_my_day_returns_correct_structure" time="3.937" /><testcase classname="backend.tests.test_mi_dia.TestMyDayEndpoint" name="test_my_day_without_auth_returns_401" time="0.113" /><testcase classname="backend.tests.test_mi_dia.TestTareasEndpoint" name="test_create_tarea_success" time="0.501" /><testcase classname="backend.tests.test_mi_dia.TestTareasEndpoint" name="test_mark_tarea_done" time="0.832" /><testcase classname="backend.tests.test_mi_dia.TestTareasEndpoint" name="test_list_tareas" time="1.347" /><testcase classname="backend.tests.test_mi_dia.TestInteraccionesEndpoint" name="test_create_interaccion_success" time="0.493" /><testcase classname="backend.tests.test_mi_dia.TestInteraccionesEndpoint" name="test_list_interacciones" time="0.771" /><testcase classname="backend.tests.test_mi_dia.TestInteractionTemplates" name="test_get_interaction_templates" time="0.486" /><testcase classname="backend.tests.test_mi_dia.TestUsersEndpoint" name="test_get_users_list" time="0.490" /><testcase classname="backend.tests.test_mi_dia.TestNextActionEndpoint" name="test_set_next_action" time="0.487" /></testsuite></testsuites>