<?xml version="1.0" encoding="utf-8"?><testsuites name="pytest tests"><testsuite name="pytest" errors="0" failures="0" skipped="1" tests="16" time="129.755" timestamp="2026-02-15T16:06:56.481915+00:00" hostname="agent-env-1e6a8519-4d5e-4bbe-9b80-c077b8260d87"><testcase classname="backend.tests.test_clasificacion_drilldown.TestClasificacionBase" name="test_clasificacion_base_endpoint_works" time="44.434" /><testcase classname="backend.tests.test_clasificacion_drilldown.TestClasificacionOrdersEndpoint" name="test_clasificacion_orders_requires_auth" time="0.143" /><testcase classname="backend.tests.test_clasificacion_drilldown.TestClasificacionOrdersEndpoint" name="test_clasificacion_orders_returns_orders" time="2.099" /><testcase classname="backend.tests.test_clasificacion_drilldown.TestClasificacionOrdersEndpoint" name="test_clasificacion_orders_row_structure" time="1.919" /><testcase classname="backend.tests.test_clasificacion_drilldown.TestClasificacionOrdersEndpoint" name="test_clasificacion_orders_pagination" time="1.895" /><testcase classname="backend.tests.test_clasificacion_drilldown.TestClasificacionOrdersEndpoint" name="test_clasificacion_orders_page_2" time="3.668" /><testcase classname="backend.tests.test_clasificacion_drilldown.TestClasificacionOrdersEndpoint" name="test_clasificacion_orders_date_filters" time="1.388" /><testcase classname="backend.tests.test_clasificacion_drilldown.TestClasificacionOrdersEndpoint" name="test_clasificacion_orders_empty_filters" time="1.111" /><testcase classname="backend.tests.test_clasificacion_drilldown.TestOrderLinesEndpoint" name="test_order_lines_requires_auth" time="0.130" /><testcase classname="backend.tests.test_clasificacion_drilldown.TestOrderLinesEndpoint" name="test_order_lines_returns_items" time="0.589" /><testcase classname="backend.tests.test_clasificacion_drilldown.TestOrderLinesEndpoint" name="test_order_lines_row_structure" time="0.445" /><testcase classname="backend.tests.test_clasificacion_drilldown.TestOrderLinesEndpoint" name="test_order_lines_pagination" time="0.455" /><testcase classname="backend.tests.test_clasificacion_drilldown.TestOrderLinesEndpoint" name="test_order_lines_nonexistent_order" time="0.429" /><testcase classname="backend.tests.test_clasificacion_drilldown.TestDrilldownDataConsistency" name="test_orders_qty_sum_matches_classification" time="65.586"><skipped type="pytest.skip" message="External DB timeout (520)">/app/backend/tests/test_clasificacion_drilldown.py:337: External DB timeout (520)</skipped></testcase><testcase classname="backend.tests.test_clasificacion_drilldown.TestDrilldownDataConsistency" name="test_order_lines_exist_for_orders" time="4.920" /><testcase classname="backend.tests.test_clasificacion_drilldown.TestKnownOrderLines" name="test_known_order_has_lines" time="0.462" /></testsuite></testsuites>