<?xml version="1.0" encoding="utf-8"?><testsuites name="pytest tests"><testsuite name="pytest" errors="0" failures="0" skipped="0" tests="9" time="12.340" timestamp="2026-02-13T16:06:23.795160+00:00" hostname="agent-env-7702af5a-f8dd-487d-8ee3-21e9b931c00d"><testcase classname="backend.tests.test_odoo_sync.TestOdooSync" name="test_01_job_status_endpoint_returns_stock_quants_job" time="1.678" /><testcase classname="backend.tests.test_odoo_sync.TestOdooSync" name="test_02_job_status_invalid_job_code_returns_404" time="1.189" /><testcase classname="backend.tests.test_odoo_sync.TestOdooSync" name="test_03_run_invalid_job_code_returns_404" time="1.286" /><testcase classname="backend.tests.test_odoo_sync.TestOdooSync" name="test_04_run_stock_quants_sync_starts_successfully" time="1.872" /><testcase classname="backend.tests.test_odoo_sync.TestOdooSync" name="test_05_run_sync_twice_quickly_returns_409" time="2.116" /><testcase classname="backend.tests.test_odoo_sync.TestOdooSync" name="test_06_sync_completes_after_waiting" time="1.418" /><testcase classname="backend.tests.test_odoo_sync.TestOdooSync" name="test_07_job_status_shows_last_success_time" time="1.157" /><testcase classname="backend.tests.test_odoo_sync.TestOdooSync" name="test_08_sync_requires_authentication" time="0.764" /><testcase classname="backend.tests.test_odoo_sync.TestOdooSync" name="test_09_job_status_requires_authentication" time="0.765" /></testsuite></testsuites>