<?xml version="1.0" encoding="utf-8"?><testsuites name="pytest tests"><testsuite name="pytest" errors="0" failures="0" skipped="0" tests="22" time="147.330" timestamp="2026-02-13T20:01:12.756727+00:00" hostname="agent-env-0cd74a5a-b4a0-4806-8b85-313b624c1261"><testcase classname="tests.test_comercial_cascade_v2.TestComercialSummaryKPIs" name="test_summary_returns_total_qty" time="6.876" /><testcase classname="tests.test_comercial_cascade_v2.TestComercialSummaryKPIs" name="test_summary_returns_count_orders" time="5.104" /><testcase classname="tests.test_comercial_cascade_v2.TestComercialSummaryKPIs" name="test_summary_returns_count_clients" time="7.461" /><testcase classname="tests.test_comercial_cascade_v2.TestComercialSummaryKPIs" name="test_summary_no_subtotal_in_kpis" time="8.867" /><testcase classname="tests.test_comercial_cascade_v2.TestComercialTopProductos" name="test_top_productos_has_modelo_display" time="6.537" /><testcase classname="tests.test_comercial_cascade_v2.TestComercialTopProductos" name="test_top_productos_has_product_tmpl_id" time="6.433" /><testcase classname="tests.test_comercial_cascade_v2.TestComercialTopProductos" name="test_top_productos_has_marca_tipo" time="5.594" /><testcase classname="tests.test_comercial_cascade_v2.TestComercialTopProductos" name="test_top_productos_no_subtotal" time="6.104" /><testcase classname="tests.test_comercial_cascade_v2.TestComercialTopClientes" name="test_top_clientes_has_correct_fields" time="5.665" /><testcase classname="tests.test_comercial_cascade_v2.TestComercialTopClientes" name="test_top_clientes_no_subtotal" time="5.101" /><testcase classname="tests.test_comercial_cascade_v2.TestExcluirClientesVarios" name="test_excluir_clientes_varios_false" time="6.758" /><testcase classname="tests.test_comercial_cascade_v2.TestExcluirClientesVarios" name="test_excluir_clientes_varios_true" time="5.364" /><testcase classname="tests.test_comercial_cascade_v2.TestCascadeFilterOptions" name="test_filter_options_returns_all_cascade_columns" time="12.341" /><testcase classname="tests.test_comercial_cascade_v2.TestCascadeFilterOptions" name="test_filter_options_have_value_and_count" time="12.228" /><testcase classname="tests.test_comercial_cascade_v2.TestCascadeFilterOptions" name="test_cascade_filter_with_marca" time="16.921" /><testcase classname="tests.test_comercial_cascade_v2.TestComercialDetail" name="test_detail_has_modelo_display" time="1.463" /><testcase classname="tests.test_comercial_cascade_v2.TestComercialDetail" name="test_detail_has_product_ids" time="0.556" /><testcase classname="tests.test_comercial_cascade_v2.TestComercialDetail" name="test_detail_has_required_columns" time="0.514" /><testcase classname="tests.test_comercial_cascade_v2.TestComercialDetail" name="test_detail_no_subtotal" time="0.526" /><testcase classname="tests.test_comercial_cascade_v2.TestComercialDetail" name="test_detail_no_partner_name_contacto" time="0.640" /><testcase classname="tests.test_comercial_cascade_v2.TestDocTipoTabs" name="test_sale_tab" time="25.525" /><testcase classname="tests.test_comercial_cascade_v2.TestDocTipoTabs" name="test_reserva_tab" time="0.609" /></testsuite></testsuites>