<?xml version="1.0" encoding="utf-8"?><testsuites name="pytest tests"><testsuite name="pytest" errors="0" failures="0" skipped="0" tests="13" time="31.063" timestamp="2026-02-24T15:05:35.274397+00:00" hostname="agent-env-940e1852-eb14-4c8c-9d7b-7c010e7a90b6"><testcase classname="tests.test_approval_workflow.TestApprovalPendingCount" name="test_pending_count_returns_200" time="14.213" /><testcase classname="tests.test_approval_workflow.TestApprovalPendingCount" name="test_pending_count_requires_auth" time="0.121" /><testcase classname="tests.test_approval_workflow.TestApprovalPendingList" name="test_pending_cuentas_returns_list" time="4.220" /><testcase classname="tests.test_approval_workflow.TestApprovalPendingList" name="test_pending_contactos_returns_list" time="0.844" /><testcase classname="tests.test_approval_workflow.TestApprovalPendingList" name="test_pending_search_filters_results" time="4.039" /><testcase classname="tests.test_approval_workflow.TestApprovalPendingList" name="test_pending_invalid_entity_returns_422" time="0.121" /><testcase classname="tests.test_approval_workflow.TestApprovalActions" name="test_approve_endpoint_exists" time="0.913" /><testcase classname="tests.test_approval_workflow.TestApprovalActions" name="test_reject_requires_note" time="0.129" /><testcase classname="tests.test_approval_workflow.TestApprovalActions" name="test_reject_note_min_length" time="0.179" /><testcase classname="tests.test_approval_workflow.TestApprovalActions" name="test_link_endpoint_exists" time="1.214" /><testcase classname="tests.test_approval_workflow.TestApprovalActions" name="test_link_mode_validation" time="0.246" /><testcase classname="tests.test_approval_workflow.TestApprovalIntegration" name="test_approved_accounts_not_in_pending" time="2.754" /><testcase classname="tests.test_approval_workflow.TestApprovalIntegration" name="test_count_matches_list_total" time="1.954" /></testsuite></testsuites>