<?xml version="1.0" encoding="utf-8"?><testsuites name="pytest tests"><testsuite name="pytest" errors="0" failures="0" skipped="0" tests="15" time="34.964" timestamp="2026-02-13T17:02:34.175311+00:00" hostname="agent-env-3a87cf6a-cec0-41be-bff4-f9ec6130a045"><testcase classname="backend.tests.test_reposicion_v2.TestReposicionV2NewFields" name="test_item_has_hilo_field" time="3.128" /><testcase classname="backend.tests.test_reposicion_v2.TestReposicionV2NewFields" name="test_item_has_tallado_destino_field" time="1.813" /><testcase classname="backend.tests.test_reposicion_v2.TestReposicionV2NewFields" name="test_kpis_has_con_asignacion" time="1.845" /><testcase classname="backend.tests.test_reposicion_v2.TestReposicionV2NewFields" name="test_kpis_has_sin_stock" time="2.040" /><testcase classname="backend.tests.test_reposicion_v2.TestPoolCapping" name="test_qty_sugerida_never_exceeds_stock_almacen_per_item" time="2.088" /><testcase classname="backend.tests.test_reposicion_v2.TestPoolCapping" name="test_pool_cap_across_multiple_destinations" time="2.686" /><testcase classname="backend.tests.test_reposicion_v2.TestPoolCapping" name="test_limited_stock_allocation" time="1.974" /><testcase classname="backend.tests.test_reposicion_v2.TestZeroQtyItems" name="test_zero_qty_items_have_sin_stock_motivo" time="1.903" /><testcase classname="backend.tests.test_reposicion_v2.TestZeroQtyItems" name="test_zero_qty_items_have_dash_origin" time="1.878" /><testcase classname="backend.tests.test_reposicion_v2.TestElementPremiumCompetition" name="test_element_premium_destinations" time="4.410" /><testcase classname="backend.tests.test_reposicion_v2.TestElementPremiumCompetition" name="test_tallado_affects_priority" time="2.982" /><testcase classname="backend.tests.test_reposicion_v2.TestQepoFilter" name="test_qepo_only_shows_target_destinations" time="0.916" /><testcase classname="backend.tests.test_reposicion_v2.TestReposicionDetalleWithHilo" name="test_detalle_accepts_hilo_parameter" time="3.210" /><testcase classname="backend.tests.test_reposicion_v2.TestSoloObjetivoToggle" name="test_solo_objetivo_true_limits_destinations" time="2.203" /><testcase classname="backend.tests.test_reposicion_v2.TestSoloObjetivoToggle" name="test_solo_objetivo_false_shows_all_stores" time="1.778" /></testsuite></testsuites>