<?xml version="1.0" encoding="utf-8"?><testsuites name="pytest tests"><testsuite name="pytest" errors="0" failures="0" skipped="0" tests="6" time="52.497" timestamp="2026-03-05T19:52:21.443858+00:00" hostname="agent-env-e546a68f-5241-4e10-aa0a-e046df392607"><testcase classname="backend.tests.test_tienda_column.TestVentasOrdersWithTienda" name="test_ventas_orders_sale_returns_tienda_field" time="23.921" /><testcase classname="backend.tests.test_tienda_column.TestReservasOrdersWithTienda" name="test_ventas_orders_reserva_returns_tienda_field" time="7.530" /><testcase classname="backend.tests.test_tienda_column.TestVentasLinesWithTienda" name="test_ventas_lines_sale_returns_tienda_field" time="2.556" /><testcase classname="backend.tests.test_tienda_column.TestReservasLinesWithTienda" name="test_ventas_lines_reserva_returns_tienda_field" time="3.256" /><testcase classname="backend.tests.test_tienda_column.TestTiendaDataQuality" name="test_tienda_values_are_strings_or_none" time="7.904" /><testcase classname="backend.tests.test_tienda_column.TestTiendaDataQuality" name="test_tienda_field_in_response_fields" time="7.226" /></testsuite></testsuites>