<?xml version="1.0" encoding="utf-8"?><testsuites name="pytest tests"><testsuite name="pytest" errors="0" failures="0" skipped="0" tests="23" time="37.759" timestamp="2026-02-20T06:04:53.288800+00:00" hostname="agent-env-59227340-553c-4626-b6db-167f5bf1932d"><testcase classname="backend.tests.test_cuentas_airtable.TestCuentasListEndpoint" name="test_list_requires_auth" time="0.833" /><testcase classname="backend.tests.test_cuentas_airtable.TestCuentasListEndpoint" name="test_list_returns_rows_and_total" time="2.848" /><testcase classname="backend.tests.test_cuentas_airtable.TestCuentasListEndpoint" name="test_list_row_structure" time="0.798" /><testcase classname="backend.tests.test_cuentas_airtable.TestCuentasListEndpoint" name="test_list_search_filter" time="1.494" /><testcase classname="backend.tests.test_cuentas_airtable.TestCuentasListEndpoint" name="test_list_estado_filter" time="1.139" /><testcase classname="backend.tests.test_cuentas_airtable.TestCuentasListEndpoint" name="test_list_pagination" time="2.138" /><testcase classname="backend.tests.test_cuentas_airtable.TestCuentasListEndpoint" name="test_list_sort_by_name" time="1.882" /><testcase classname="backend.tests.test_cuentas_airtable.TestFilterOptionsEndpoint" name="test_filter_options_requires_auth" time="0.139" /><testcase classname="backend.tests.test_cuentas_airtable.TestFilterOptionsEndpoint" name="test_filter_options_returns_ciudades_and_asignados" time="0.861" /><testcase classname="backend.tests.test_cuentas_airtable.TestCuentaDetailEndpoint" name="test_detail_requires_auth" time="0.099" /><testcase classname="backend.tests.test_cuentas_airtable.TestCuentaDetailEndpoint" name="test_detail_returns_cuenta_and_partner" time="1.076" /><testcase classname="backend.tests.test_cuentas_airtable.TestCuentaDetailEndpoint" name="test_detail_creates_cuenta_on_demand" time="0.658" /><testcase classname="backend.tests.test_cuentas_airtable.TestHeaderMetricsEndpoint" name="test_header_metrics_requires_auth" time="0.152" /><testcase classname="backend.tests.test_cuentas_airtable.TestHeaderMetricsEndpoint" name="test_header_metrics_returns_kpis" time="5.700" /><testcase classname="backend.tests.test_cuentas_airtable.TestVentasMetricsEndpoint" name="test_ventas_metrics_requires_auth" time="0.138" /><testcase classname="backend.tests.test_cuentas_airtable.TestVentasMetricsEndpoint" name="test_ventas_metrics_returns_counts" time="5.060" /><testcase classname="backend.tests.test_cuentas_airtable.TestVentasOrdersEndpoint" name="test_ventas_orders_requires_auth" time="0.136" /><testcase classname="backend.tests.test_cuentas_airtable.TestVentasOrdersEndpoint" name="test_ventas_orders_returns_paginated_orders" time="9.082" /><testcase classname="backend.tests.test_cuentas_airtable.TestCuentaUpdateEndpoint" name="test_update_requires_auth" time="0.228" /><testcase classname="backend.tests.test_cuentas_airtable.TestCuentaUpdateEndpoint" name="test_update_estado_comercial" time="0.664" /><testcase classname="backend.tests.test_cuentas_airtable.TestCuentaUpdateEndpoint" name="test_update_clasificacion" time="1.132" /><testcase classname="backend.tests.test_cuentas_airtable.TestCreditosMetricsEndpoint" name="test_creditos_metrics_requires_auth" time="0.110" /><testcase classname="backend.tests.test_cuentas_airtable.TestCreditosMetricsEndpoint" name="test_creditos_metrics_returns_data" time="1.239" /></testsuite></testsuites>