<?xml version="1.0" encoding="utf-8"?><testsuites name="pytest tests"><testsuite name="pytest" errors="0" failures="1" skipped="0" tests="19" time="152.281" timestamp="2026-02-18T18:51:36.560499+00:00" hostname="agent-env-1e6a8519-4d5e-4bbe-9b80-c077b8260d87"><testcase classname="backend.tests.test_yoy_endpoints.TestYoYMetrics" name="test_yoy_metrics_requires_auth" time="0.601" /><testcase classname="backend.tests.test_yoy_endpoints.TestYoYMetrics" name="test_yoy_metrics_basic" time="4.559" /><testcase classname="backend.tests.test_yoy_endpoints.TestYoYMetrics" name="test_yoy_metrics_with_month_filters" time="60.129"><failure message="requests.exceptions.ReadTimeout: HTTPSConnectionPool(host='clean-ventas.preview.emergentagent.com', port=443): Read timed out. (read timeout=60)">/root/.venv/lib/python3.11/site-packages/urllib3/connectionpool.py:534: in _make_request
    response = conn.getresponse()
               ^^^^^^^^^^^^^^^^^^
/root/.venv/lib/python3.11/site-packages/urllib3/connection.py:571: in getresponse
    httplib_response = super().getresponse()
                       ^^^^^^^^^^^^^^^^^^^^^
/usr/local/lib/python3.11/http/client.py:1395: in getresponse
    response.begin()
/usr/local/lib/python3.11/http/client.py:325: in begin
    version, status, reason = self._read_status()
                              ^^^^^^^^^^^^^^^^^^^
/usr/local/lib/python3.11/http/client.py:286: in _read_status
    line = str(self.fp.readline(_MAXLINE + 1), "iso-8859-1")
               ^^^^^^^^^^^^^^^^^^^^^^^^^^^^^^
/usr/local/lib/python3.11/socket.py:718: in readinto
    return self._sock.recv_into(b)
           ^^^^^^^^^^^^^^^^^^^^^^^
/usr/local/lib/python3.11/ssl.py:1314: in recv_into
    return self.read(nbytes, buffer)
           ^^^^^^^^^^^^^^^^^^^^^^^^^
/usr/local/lib/python3.11/ssl.py:1166: in read
    return self._sslobj.read(len, buffer)
           ^^^^^^^^^^^^^^^^^^^^^^^^^^^^^^
E   TimeoutError: The read operation timed out

The above exception was the direct cause of the following exception:
/root/.venv/lib/python3.11/site-packages/requests/adapters.py:644: in send
    resp = conn.urlopen(
/root/.venv/lib/python3.11/site-packages/urllib3/connectionpool.py:841: in urlopen
    retries = retries.increment(
/root/.venv/lib/python3.11/site-packages/urllib3/util/retry.py:490: in increment
    raise reraise(type(error), error, _stacktrace)
          ^^^^^^^^^^^^^^^^^^^^^^^^^^^^^^^^^^^^^^^^
/root/.venv/lib/python3.11/site-packages/urllib3/util/util.py:39: in reraise
    raise value
/root/.venv/lib/python3.11/site-packages/urllib3/connectionpool.py:787: in urlopen
    response = self._make_request(
/root/.venv/lib/python3.11/site-packages/urllib3/connectionpool.py:536: in _make_request
    self._raise_timeout(err=e, url=url, timeout_value=read_timeout)
/root/.venv/lib/python3.11/site-packages/urllib3/connectionpool.py:367: in _raise_timeout
    raise ReadTimeoutError(
E   urllib3.exceptions.ReadTimeoutError: HTTPSConnectionPool(host='clean-ventas.preview.emergentagent.com', port=443): Read timed out. (read timeout=60)

During handling of the above exception, another exception occurred:
backend/tests/test_yoy_endpoints.py:75: in test_yoy_metrics_with_month_filters
    response = requests.get(
/root/.venv/lib/python3.11/site-packages/requests/api.py:73: in get
    return request("get", url, params=params, **kwargs)
           ^^^^^^^^^^^^^^^^^^^^^^^^^^^^^^^^^^^^^^^^^^^^
/root/.venv/lib/python3.11/site-packages/requests/api.py:59: in request
    return session.request(method=method, url=url, **kwargs)
           ^^^^^^^^^^^^^^^^^^^^^^^^^^^^^^^^^^^^^^^^^^^^^^^^^
/root/.venv/lib/python3.11/site-packages/requests/sessions.py:589: in request
    resp = self.send(prep, **send_kwargs)
           ^^^^^^^^^^^^^^^^^^^^^^^^^^^^^^
/root/.venv/lib/python3.11/site-packages/requests/sessions.py:703: in send
    r = adapter.send(request, **kwargs)
        ^^^^^^^^^^^^^^^^^^^^^^^^^^^^^^^
/root/.venv/lib/python3.11/site-packages/requests/adapters.py:690: in send
    raise ReadTimeout(e, request=request)
E   requests.exceptions.ReadTimeout: HTTPSConnectionPool(host='clean-ventas.preview.emergentagent.com', port=443): Read timed out. (read timeout=60)</failure></testcase><testcase classname="backend.tests.test_yoy_endpoints.TestYoYMetrics" name="test_yoy_metrics_default_years" time="4.371" /><testcase classname="backend.tests.test_yoy_endpoints.TestYoYByMonth" name="test_yoy_by_month_requires_auth" time="0.125" /><testcase classname="backend.tests.test_yoy_endpoints.TestYoYByMonth" name="test_yoy_by_month_basic" time="2.226" /><testcase classname="backend.tests.test_yoy_endpoints.TestYoYByMonth" name="test_yoy_by_month_months_are_valid" time="2.409" /><testcase classname="backend.tests.test_yoy_endpoints.TestYoYByMonth" name="test_yoy_by_month_with_filters" time="56.967" /><testcase classname="backend.tests.test_yoy_endpoints.TestYoYByItem" name="test_yoy_by_item_requires_auth" time="0.357" /><testcase classname="backend.tests.test_yoy_endpoints.TestYoYByItem" name="test_yoy_by_item_basic" time="2.432" /><testcase classname="backend.tests.test_yoy_endpoints.TestYoYByItem" name="test_yoy_by_item_top_limit" time="2.187" /><testcase classname="backend.tests.test_yoy_endpoints.TestYoYByItem" name="test_yoy_by_item_sort_by_ventas_a" time="2.316" /><testcase classname="backend.tests.test_yoy_endpoints.TestYoYByItem" name="test_yoy_by_item_sort_by_var_abs" time="2.657" /><testcase classname="backend.tests.test_yoy_endpoints.TestYoYByItem" name="test_yoy_by_item_sort_ascending" time="2.428" /><testcase classname="backend.tests.test_yoy_endpoints.TestYoYItemOrders" name="test_yoy_item_orders_requires_auth" time="0.181" /><testcase classname="backend.tests.test_yoy_endpoints.TestYoYItemOrders" name="test_yoy_item_orders_basic" time="3.741" /><testcase classname="backend.tests.test_yoy_endpoints.TestYoYItemOrders" name="test_yoy_item_orders_with_specific_filters" time="0.993" /><testcase classname="backend.tests.test_yoy_endpoints.TestYoYItemOrders" name="test_yoy_item_orders_pagination" time="1.143" /><testcase classname="backend.tests.test_yoy_endpoints.TestYoYVarPctCalculation" name="test_var_pct_calculation" time="2.179" /></testsuite></testsuites>