<?xml version="1.0" encoding="utf-8"?><testsuites name="pytest tests"><testsuite name="pytest" errors="0" failures="6" skipped="0" tests="8" time="13.852" timestamp="2026-03-02T07:10:25.389924+00:00" hostname="agent-env-940e1852-eb14-4c8c-9d7b-7c010e7a90b6"><testcase classname="backend.tests.test_ods_sync.TestODSSyncEndpoints" name="test_job_status_res_partner_returns_502_when_ods_unavailable" time="13.160"><failure message="AssertionError: Expected 502/404, got 401&#10;assert 401 in [502, 404]&#10; +  where 401 = &lt;Response [401]&gt;.status_code">backend/tests/test_ods_sync.py:54: in test_job_status_res_partner_returns_502_when_ods_unavailable
    assert response.status_code in [502, 404], f"Expected 502/404, got {response.status_code}"
E   AssertionError: Expected 502/404, got 401
E   assert 401 in [502, 404]
E    +  where 401 = &lt;Response [401]&gt;.status_code</failure></testcase><testcase classname="backend.tests.test_ods_sync.TestODSSyncEndpoints" name="test_job_status_pos_orders_returns_502_when_ods_unavailable" time="0.050"><failure message="AssertionError: Expected 502/404, got 401&#10;assert 401 in [502, 404]&#10; +  where 401 = &lt;Response [401]&gt;.status_code">backend/tests/test_ods_sync.py:70: in test_job_status_pos_orders_returns_502_when_ods_unavailable
    assert response.status_code in [502, 404], f"Expected 502/404, got {response.status_code}"
E   AssertionError: Expected 502/404, got 401
E   assert 401 in [502, 404]
E    +  where 401 = &lt;Response [401]&gt;.status_code</failure></testcase><testcase classname="backend.tests.test_ods_sync.TestODSSyncEndpoints" name="test_job_status_ar_credit_invoices_returns_502_when_ods_unavailable" time="0.047"><failure message="AssertionError: Expected 502/404, got 401&#10;assert 401 in [502, 404]&#10; +  where 401 = &lt;Response [401]&gt;.status_code">backend/tests/test_ods_sync.py:79: in test_job_status_ar_credit_invoices_returns_502_when_ods_unavailable
    assert response.status_code in [502, 404], f"Expected 502/404, got {response.status_code}"
E   AssertionError: Expected 502/404, got 401
E   assert 401 in [502, 404]
E    +  where 401 = &lt;Response [401]&gt;.status_code</failure></testcase><testcase classname="backend.tests.test_ods_sync.TestODSSyncEndpoints" name="test_run_job_res_partner_returns_502_when_ods_unavailable" time="0.050"><failure message="AssertionError: Expected 502/404, got 401&#10;assert 401 in [502, 404]&#10; +  where 401 = &lt;Response [401]&gt;.status_code">backend/tests/test_ods_sync.py:89: in test_run_job_res_partner_returns_502_when_ods_unavailable
    assert response.status_code in [502, 404], f"Expected 502/404, got {response.status_code}"
E   AssertionError: Expected 502/404, got 401
E   assert 401 in [502, 404]
E    +  where 401 = &lt;Response [401]&gt;.status_code</failure></testcase><testcase classname="backend.tests.test_ods_sync.TestODSSyncEndpoints" name="test_run_job_pos_orders_returns_502_when_ods_unavailable" time="0.048"><failure message="AssertionError: Expected 502/404, got 401&#10;assert 401 in [502, 404]&#10; +  where 401 = &lt;Response [401]&gt;.status_code">backend/tests/test_ods_sync.py:102: in test_run_job_pos_orders_returns_502_when_ods_unavailable
    assert response.status_code in [502, 404], f"Expected 502/404, got {response.status_code}"
E   AssertionError: Expected 502/404, got 401
E   assert 401 in [502, 404]
E    +  where 401 = &lt;Response [401]&gt;.status_code</failure></testcase><testcase classname="backend.tests.test_ods_sync.TestODSSyncEndpoints" name="test_run_job_ar_credit_invoices_returns_502_when_ods_unavailable" time="0.046"><failure message="AssertionError: Expected 502/404, got 401&#10;assert 401 in [502, 404]&#10; +  where 401 = &lt;Response [401]&gt;.status_code">backend/tests/test_ods_sync.py:111: in test_run_job_ar_credit_invoices_returns_502_when_ods_unavailable
    assert response.status_code in [502, 404], f"Expected 502/404, got {response.status_code}"
E   AssertionError: Expected 502/404, got 401
E   assert 401 in [502, 404]
E    +  where 401 = &lt;Response [401]&gt;.status_code</failure></testcase><testcase classname="backend.tests.test_ods_sync.TestODSSyncEndpoints" name="test_job_status_without_auth_returns_401" time="0.184" /><testcase classname="backend.tests.test_ods_sync.TestODSSyncEndpoints" name="test_run_job_without_auth_returns_401" time="0.136" /></testsuite></testsuites>