<?xml version="1.0" encoding="utf-8"?><testsuites name="pytest tests"><testsuite name="pytest" errors="0" failures="1" skipped="0" tests="24" time="95.480" timestamp="2026-02-15T15:34:05.411462+00:00" hostname="agent-env-1e6a8519-4d5e-4bbe-9b80-c077b8260d87"><testcase classname="backend.tests.test_product_catalog_filter.TestComercialOrders" name="test_orders_requires_auth" time="3.375" /><testcase classname="backend.tests.test_product_catalog_filter.TestComercialOrders" name="test_orders_returns_data_with_filtered_lines" time="8.888"><failure message="AssertionError: Order 145531 has qty_total=0&#10;assert 0.0 &gt; 0&#10; +  where 0.0 = &lt;built-in method get of dict object at 0xfd2530d370c0&gt;('qty_total', 0)&#10; +    where &lt;built-in method get of dict object at 0xfd2530d370c0&gt; = {'amount_total': 0.0, 'date_order': '2026-02-14T19:33:31+00:00', 'doc_tipo': 'SALE', 'lines_count': 2, ...}.get">backend/tests/test_product_catalog_filter.py:88: in test_orders_returns_data_with_filtered_lines
    assert row.get("qty_total", 0) &gt; 0, f"Order {row.get('order_id')} has qty_total=0"
E   AssertionError: Order 145531 has qty_total=0
E   assert 0.0 &gt; 0
E    +  where 0.0 = &lt;built-in method get of dict object at 0xfd2530d370c0&gt;('qty_total', 0)
E    +    where &lt;built-in method get of dict object at 0xfd2530d370c0&gt; = {'amount_total': 0.0, 'date_order': '2026-02-14T19:33:31+00:00', 'doc_tipo': 'SALE', 'lines_count': 2, ...}.get</failure></testcase><testcase classname="backend.tests.test_product_catalog_filter.TestComercialLines" name="test_lines_requires_auth" time="0.173" /><testcase classname="backend.tests.test_product_catalog_filter.TestComercialLines" name="test_lines_no_excluded_products" time="4.509" /><testcase classname="backend.tests.test_product_catalog_filter.TestComercialLines" name="test_lines_metrics_positive" time="4.408" /><testcase classname="backend.tests.test_product_catalog_filter.TestCuentaVentasMetrics" name="test_metrics_requires_auth" time="0.133" /><testcase classname="backend.tests.test_product_catalog_filter.TestCuentaVentasMetrics" name="test_metrics_returns_filtered_counts" time="6.678" /><testcase classname="backend.tests.test_product_catalog_filter.TestCuentaVentasOrders" name="test_orders_requires_auth" time="0.125" /><testcase classname="backend.tests.test_product_catalog_filter.TestCuentaVentasOrders" name="test_orders_all_have_filtered_lines" time="8.546" /><testcase classname="backend.tests.test_product_catalog_filter.TestCuentaVentasClasificacion" name="test_clasificacion_requires_auth" time="0.173" /><testcase classname="backend.tests.test_product_catalog_filter.TestCuentaVentasClasificacion" name="test_clasificacion_no_excluded_products" time="5.232" /><testcase classname="backend.tests.test_product_catalog_filter.TestCuentaVentasClasificacionDetail" name="test_detail_requires_auth" time="0.192" /><testcase classname="backend.tests.test_product_catalog_filter.TestCuentaVentasClasificacionDetail" name="test_detail_no_excluded_products" time="1.080" /><testcase classname="backend.tests.test_product_catalog_filter.TestCuentaVentasLines" name="test_lines_requires_auth" time="0.122" /><testcase classname="backend.tests.test_product_catalog_filter.TestCuentaVentasLines" name="test_lines_no_excluded_products" time="1.321" /><testcase classname="backend.tests.test_product_catalog_filter.TestCuentaVentasLines" name="test_lines_for_sale_doc_tipo" time="0.970" /><testcase classname="backend.tests.test_product_catalog_filter.TestFilterConsistency" name="test_comercial_orders_vs_lines_consistency" time="13.314" /><testcase classname="backend.tests.test_product_catalog_filter.TestFilterConsistency" name="test_cuenta_orders_have_positive_lines" time="8.058" /><testcase classname="backend.tests.test_product_catalog_filter.TestExcludedPatternsSpecific" name="test_no_correa_in_lines" time="4.566" /><testcase classname="backend.tests.test_product_catalog_filter.TestExcludedPatternsSpecific" name="test_no_saco_in_lines" time="4.653" /><testcase classname="backend.tests.test_product_catalog_filter.TestExcludedPatternsSpecific" name="test_no_bolsa_in_lines" time="4.909" /><testcase classname="backend.tests.test_product_catalog_filter.TestExcludedPatternsSpecific" name="test_no_probador_in_lines" time="4.570" /><testcase classname="backend.tests.test_product_catalog_filter.TestExcludedPatternsSpecific" name="test_no_paneton_in_lines" time="4.560" /><testcase classname="backend.tests.test_product_catalog_filter.TestExcludedPatternsSpecific" name="test_no_publicitario_in_lines" time="4.703" /></testsuite></testsuites>