<?xml version="1.0" encoding="utf-8"?><testsuites name="pytest tests"><testsuite name="pytest" errors="0" failures="0" skipped="0" tests="11" time="47.072" timestamp="2026-02-24T08:44:33.956346+00:00" hostname="agent-env-e7905b10-6f14-4a45-bb22-2aacf8da6035"><testcase classname="backend.tests.test_customer_override_v2.TestAuthLogin" name="test_login_success" time="6.313" /><testcase classname="backend.tests.test_customer_override_v2.TestCreateOverrideReturnsActiveFields" name="test_create_override_returns_active_flag" time="11.685" /><testcase classname="backend.tests.test_customer_override_v2.TestGetOverrideReturnsOnlyActive" name="test_get_active_override_returns_active_flag" time="0.527" /><testcase classname="backend.tests.test_customer_override_v2.TestSoftDeleteOverride" name="test_delete_soft_deletes_returns_deactivated" time="1.188" /><testcase classname="backend.tests.test_customer_override_v2.TestSoftDeleteOverride" name="test_get_after_soft_delete_returns_null" time="0.380" /><testcase classname="backend.tests.test_customer_override_v2.TestViewsFilterActiveOverrides" name="test_comercial_orders_has_override_false_after_soft_delete" time="9.279" /><testcase classname="backend.tests.test_customer_override_v2.TestReactivationAfterSoftDelete" name="test_post_after_soft_delete_reactivates" time="1.203" /><testcase classname="backend.tests.test_customer_override_v2.TestOriginalPartnerNameInViews" name="test_comercial_orders_includes_original_partner_name" time="9.260" /><testcase classname="backend.tests.test_customer_override_v2.TestOriginalPartnerNameInViews" name="test_comercial_lines_includes_original_partner_name" time="4.655" /><testcase classname="backend.tests.test_customer_override_v2.TestCuentasListRegression" name="test_cuentas_list_returns_rows" time="2.125" /><testcase classname="backend.tests.test_customer_override_v2.TestCleanup" name="test_cleanup_test_override" time="0.389" /></testsuite></testsuites>